#
# There is insufficient memory for the Java Runtime Environment to continue.
# Native memory allocation (mmap) failed to map 229638144 bytes for G1 virtual space
# Possible reasons:
#   The system is out of physical RAM or swap space
#   The process is running with CompressedOops enabled, and the Java Heap may be blocking the growth of the native heap
# Possible solutions:
#   Reduce memory load on the system
#   Increase physical memory or swap space
#   Check if swap backing store is full
#   Decrease Java heap size (-Xmx/-Xms)
#   Decrease number of Java threads
#   Decrease Java thread stack sizes (-Xss)
#   Set larger code cache with -XX:ReservedCodeCacheSize=
#   JVM is running with Unscaled Compressed Oops mode in which the Java heap is
#     placed in the first 4GB address space. The Java Heap base address is the
#     maximum limit for the native heap growth. Please use -XX:HeapBaseMinAddress
#     to set the Java Heap base and to place the Java Heap above 4GB virtual address.
# This output file may be truncated or incomplete.
#
#  Out of Memory Error (os_windows.cpp:3541), pid=18572, tid=14080
#
# JRE version: OpenJDK Runtime Environment Temurin-17.0.4.1+1 (17.0.4.1+1) (build 17.0.4.1+1)
# Java VM: OpenJDK 64-Bit Server VM Temurin-17.0.4.1+1 (17.0.4.1+1, mixed mode, emulated-client, tiered, compressed oops, compressed class ptrs, g1 gc, windows-amd64)
# No core dump will be written. Minidumps are not enabled by default on client versions of Windows
#

---------------  S U M M A R Y ------------

Command Line: -Dsts.lsp.client=vscode -Dsts.log.file=/dev/null -XX:TieredStopAtLevel=1 -Xlog:jni+resolve=off -Dspring.config.location=file:c:\Users\asai\.vscode\extensions\pivotal.vscode-spring-boot-1.39.0\language-server\BOOT-INF\classes\application.properties org.springframework.ide.vscode.boot.app.BootLanguageServerBootApp

Host: Intel(R) Celeron(R) N4020 CPU @ 1.10GHz, 2 cores, 5G,  Windows 10 , 64 bit Build 19041 (10.0.19041.1889)
Time: Mon Oct 10 21:46:22 2022  Windows 10 , 64 bit Build 19041 (10.0.19041.1889) elapsed time: 61.846777 seconds (0d 0h 1m 1s)

---------------  T H R E A D  ---------------

Current thread (0x0000028c5a4b39c0):  VMThread "VM Thread" [stack: 0x000000b828300000,0x000000b828400000] [id=14080]

Stack: [0x000000b828300000,0x000000b828400000]
Native frames: (J=compiled Java code, j=interpreted, Vv=VM code, C=native code)
V  [jvm.dll+0x67731a]
V  [jvm.dll+0x832284]
V  [jvm.dll+0x833a2e]
V  [jvm.dll+0x834093]
V  [jvm.dll+0x245775]
V  [jvm.dll+0x674209]
V  [jvm.dll+0x668a92]
V  [jvm.dll+0x30471b]
V  [jvm.dll+0x30bc66]
V  [jvm.dll+0x35ba9e]
V  [jvm.dll+0x35bccf]
V  [jvm.dll+0x2db5b8]
V  [jvm.dll+0x2d986c]
V  [jvm.dll+0x2d8e3c]
V  [jvm.dll+0x31cd9b]
V  [jvm.dll+0x83853b]
V  [jvm.dll+0x839274]
V  [jvm.dll+0x83978c]
V  [jvm.dll+0x839b64]
V  [jvm.dll+0x839c30]
V  [jvm.dll+0x7e240a]
V  [jvm.dll+0x6761a5]
C  [ucrtbase.dll+0x21bb2]
C  [KERNEL32.DLL+0x17034]
C  [ntdll.dll+0x526a1]

VM_Operation (0x000000b8293fdbf0): G1CollectForAllocation, mode: safepoint, requested by thread 0x0000028c5bae4470


---------------  P R O C E S S  ---------------

Threads class SMR info:
_java_thread_list=0x0000028c5d2e0660, length=30, elements={
0x0000028c5a4c0750, 0x0000028c5a4c35d0, 0x0000028c5a4efa60, 0x0000028c5a505410,
0x0000028c5a505cd0, 0x0000028c5a506680, 0x0000028c5a507030, 0x0000028c5a508940,
0x0000028c5b1da270, 0x0000028c5b1e7360, 0x0000028c5b129ef0, 0x0000028c5c781ff0,
0x0000028c5bae4470, 0x0000028c5bba4800, 0x0000028c5bb5c230, 0x0000028c5bb5c700,
0x0000028c5bb73d40, 0x0000028c5bb74630, 0x0000028c5cca0a30, 0x0000028c5cca0f00,
0x0000028c5cca13d0, 0x0000028c5cca0560, 0x0000028c5cca18a0, 0x0000028c5cca0090,
0x0000028c5c76d070, 0x0000028c5c772be0, 0x0000028c5c76ed50, 0x0000028c5c7730b0,
0x0000028c5d3ce0a0, 0x0000028c5c770f00
}

Java Threads: ( => current thread )
  0x0000028c5a4c0750 JavaThread "Reference Handler" daemon [_thread_blocked, id=13284, stack(0x000000b828400000,0x000000b828500000)]
  0x0000028c5a4c35d0 JavaThread "Finalizer" daemon [_thread_blocked, id=12828, stack(0x000000b828500000,0x000000b828600000)]
  0x0000028c5a4efa60 JavaThread "Signal Dispatcher" daemon [_thread_blocked, id=13572, stack(0x000000b828600000,0x000000b828700000)]
  0x0000028c5a505410 JavaThread "Attach Listener" daemon [_thread_blocked, id=12284, stack(0x000000b828700000,0x000000b828800000)]
  0x0000028c5a505cd0 JavaThread "Service Thread" daemon [_thread_blocked, id=11972, stack(0x000000b828800000,0x000000b828900000)]
  0x0000028c5a506680 JavaThread "Monitor Deflation Thread" daemon [_thread_blocked, id=816, stack(0x000000b828900000,0x000000b828a00000)]
  0x0000028c5a507030 JavaThread "C1 CompilerThread0" daemon [_thread_blocked, id=14576, stack(0x000000b828a00000,0x000000b828b00000)]
  0x0000028c5a508940 JavaThread "Sweeper thread" daemon [_thread_blocked, id=776, stack(0x000000b828b00000,0x000000b828c00000)]
  0x0000028c5b1da270 JavaThread "Notification Thread" daemon [_thread_blocked, id=5856, stack(0x000000b828c00000,0x000000b828d00000)]
  0x0000028c5b1e7360 JavaThread "Common-Cleaner" daemon [_thread_blocked, id=5268, stack(0x000000b828e00000,0x000000b828f00000)]
  0x0000028c5b129ef0 JavaThread "boundedElastic-evictor-1" daemon [_thread_blocked, id=17112, stack(0x000000b828f00000,0x000000b829000000)]
  0x0000028c5c781ff0 JavaThread "Thread-1" [_thread_blocked, id=2988, stack(0x000000b829200000,0x000000b829300000)]
  0x0000028c5bae4470 JavaThread "ClassGraph-worker-0" daemon [_thread_blocked, id=12952, stack(0x000000b829300000,0x000000b829400000)]
  0x0000028c5bba4800 JavaThread "pool-9-thread-1" [_thread_blocked, id=14388, stack(0x000000b829400000,0x000000b829500000)]
  0x0000028c5bb5c230 JavaThread "ClassGraph-worker-1" daemon [_thread_blocked, id=16944, stack(0x000000b829500000,0x000000b829600000)]
  0x0000028c5bb5c700 JavaThread "ClassGraph-worker-2" daemon [_thread_blocked, id=11628, stack(0x000000b829600000,0x000000b829700000)]
  0x0000028c5bb73d40 JavaThread "ClassGraph-worker-3" daemon [_thread_blocked, id=18768, stack(0x000000b829700000,0x000000b829800000)]
  0x0000028c5bb74630 JavaThread "LanguageServerApp-lifecycle" [_thread_blocked, id=4980, stack(0x000000b829800000,0x000000b829900000)]
  0x0000028c5cca0a30 JavaThread "DestroyJavaVM" [_thread_blocked, id=7468, stack(0x000000b827d00000,0x000000b827e00000)]
  0x0000028c5cca0f00 JavaThread "pool-10-thread-1" [_thread_in_native, id=10740, stack(0x000000b829900000,0x000000b829a00000)]
  0x0000028c5cca13d0 JavaThread "Simple-Language-Server main thread" daemon [_thread_blocked, id=3632, stack(0x000000b829a00000,0x000000b829b00000)]
  0x0000028c5cca0560 JavaThread "pool-7-thread-1" [_thread_blocked, id=9740, stack(0x000000b829b00000,0x000000b829c00000)]
  0x0000028c5cca18a0 JavaThread "parallel-1" daemon [_thread_blocked, id=5140, stack(0x000000b829c00000,0x000000b829d00000)]
  0x0000028c5cca0090 JavaThread "parallel-2" daemon [_thread_blocked, id=16544, stack(0x000000b829d00000,0x000000b829e00000)]
  0x0000028c5c76d070 JavaThread "Reconciler-1" daemon [_thread_blocked, id=7460, stack(0x000000b829100000,0x000000b829200000)]
  0x0000028c5c772be0 JavaThread "pool-4-thread-1" [_thread_blocked, id=15580, stack(0x000000b829e00000,0x000000b829f00000)]
  0x0000028c5c76ed50 JavaThread "pool-4-thread-2" [_thread_blocked, id=18616, stack(0x000000b82a000000,0x000000b82a100000)]
  0x0000028c5c7730b0 JavaThread "pool-5-thread-1" [_thread_blocked, id=12212, stack(0x000000b82a100000,0x000000b82a200000)]
  0x0000028c5d3ce0a0 JavaThread "C1 CompilerThread1" daemon [_thread_blocked, id=10756, stack(0x000000b82a200000,0x000000b82a300000)]
  0x0000028c5c770f00 JavaThread "Thread-8" daemon [_thread_blocked, id=8532, stack(0x000000b827b00000,0x000000b827c00000)]

Other Threads:
=>0x0000028c5a4b39c0 VMThread "VM Thread" [stack: 0x000000b828300000,0x000000b828400000] [id=14080]
  0x0000028c5b1da740 WatcherThread [stack: 0x000000b828d00000,0x000000b828e00000] [id=17588]
  0x0000028c4d29e9f0 GCTaskThread "GC Thread#0" [stack: 0x000000b827e00000,0x000000b827f00000] [id=16924]
  0x0000028c5b532a30 GCTaskThread "GC Thread#1" [stack: 0x000000b829000000,0x000000b829100000] [id=5332]
  0x0000028c4d2ab3b0 ConcurrentGCThread "G1 Main Marker" [stack: 0x000000b827f00000,0x000000b828000000] [id=17336]
  0x0000028c4d2abdc0 ConcurrentGCThread "G1 Conc#0" [stack: 0x000000b828000000,0x000000b828100000] [id=19860]
  0x0000028c4d3086e0 ConcurrentGCThread "G1 Refine#0" [stack: 0x000000b828100000,0x000000b828200000] [id=15004]
  0x0000028c5cb525e0 ConcurrentGCThread "G1 Refine#1" [stack: 0x000000b829f00000,0x000000b82a000000] [id=5316]
  0x0000028c4d30b120 ConcurrentGCThread "G1 Service" [stack: 0x000000b828200000,0x000000b828300000] [id=6684]

Threads with active compile tasks:

VM state: at safepoint (normal execution)

VM Mutex/Monitor currently owned by a thread:  ([mutex/lock_event])
[0x0000028c4d057690] Threads_lock - owner thread: 0x0000028c5a4b39c0
[0x0000028c4d2512d0] Heap_lock - owner thread: 0x0000028c5bae4470

Heap address: 0x00000000a2c00000, size: 1492 MB, Compressed Oops mode: 32-bit

CDS archive(s) not mapped
Compressed class space mapped at: 0x0000000100000000-0x0000000140000000, reserved size: 1073741824
Narrow klass base: 0x0000000000000000, Narrow klass shift: 3, Narrow klass range: 0x140000000

GC Precious Log:
 CPUs: 2 total, 2 available
 Memory: 5964M
 Large Page Support: Disabled
 NUMA Support: Disabled
 Compressed Oops: Enabled (32-bit)
 Heap Region Size: 1M
 Heap Min Capacity: 8M
 Heap Initial Capacity: 94M
 Heap Max Capacity: 1492M
 Pre-touch: Disabled
 Parallel Workers: 2
 Concurrent Workers: 1
 Concurrent Refinement Workers: 2
 Periodic GC: Disabled

Heap:
 garbage-first heap   total 290816K, used 141258K [0x00000000a2c00000, 0x0000000100000000)
  region size 1024K, 15 young (15360K), 15 survivors (15360K)
 Metaspace       used 46626K, committed 46912K, reserved 1097728K
  class space    used 5758K, committed 5888K, reserved 1048576K

Heap Regions: E=young(eden), S=young(survivor), O=old, HS=humongous(starts), HC=humongous(continues), CS=collection set, F=free, OA=open archive, CA=closed archive, TAMS=top-at-mark-start (previous, next)
|   0|0x00000000a2c00000, 0x00000000a2d00000, 0x00000000a2d00000|100%| O|  |TAMS 0x00000000a2d00000, 0x00000000a2c00000| Untracked 
|   1|0x00000000a2d00000, 0x00000000a2e00000, 0x00000000a2e00000|100%| O|  |TAMS 0x00000000a2e00000, 0x00000000a2d00000| Untracked 
|   2|0x00000000a2e00000, 0x00000000a2f00000, 0x00000000a2f00000|100%| O|  |TAMS 0x00000000a2f00000, 0x00000000a2e00000| Untracked 
|   3|0x00000000a2f00000, 0x00000000a3000000, 0x00000000a3000000|100%| O|  |TAMS 0x00000000a3000000, 0x00000000a2f00000| Untracked 
|   4|0x00000000a3000000, 0x00000000a3100000, 0x00000000a3100000|100%| O|  |TAMS 0x00000000a3100000, 0x00000000a3000000| Untracked 
|   5|0x00000000a3100000, 0x00000000a3200000, 0x00000000a3200000|100%| O|  |TAMS 0x00000000a3200000, 0x00000000a3100000| Untracked 
|   6|0x00000000a3200000, 0x00000000a3300000, 0x00000000a3300000|100%| O|  |TAMS 0x00000000a3300000, 0x00000000a3200000| Untracked 
|   7|0x00000000a3300000, 0x00000000a3400000, 0x00000000a3400000|100%| O|  |TAMS 0x00000000a3400000, 0x00000000a3300000| Untracked 
|   8|0x00000000a3400000, 0x00000000a3500000, 0x00000000a3500000|100%|HS|  |TAMS 0x00000000a3500000, 0x00000000a3400000| Complete 
|   9|0x00000000a3500000, 0x00000000a3600000, 0x00000000a3600000|100%| O|  |TAMS 0x00000000a3600000, 0x00000000a3500000| Untracked 
|  10|0x00000000a3600000, 0x00000000a3700000, 0x00000000a3700000|100%| O|  |TAMS 0x00000000a3700000, 0x00000000a3600000| Untracked 
|  11|0x00000000a3700000, 0x00000000a3800000, 0x00000000a3800000|100%| O|  |TAMS 0x00000000a3800000, 0x00000000a3700000| Untracked 
|  12|0x00000000a3800000, 0x00000000a3900000, 0x00000000a3900000|100%| O|  |TAMS 0x00000000a3900000, 0x00000000a3800000| Untracked 
|  13|0x00000000a3900000, 0x00000000a3a00000, 0x00000000a3a00000|100%| O|  |TAMS 0x00000000a3a00000, 0x00000000a3900000| Untracked 
|  14|0x00000000a3a00000, 0x00000000a3b00000, 0x00000000a3b00000|100%| O|  |TAMS 0x00000000a3b00000, 0x00000000a3a00000| Untracked 
|  15|0x00000000a3b00000, 0x00000000a3c00000, 0x00000000a3c00000|100%| O|  |TAMS 0x00000000a3c00000, 0x00000000a3b00000| Untracked 
|  16|0x00000000a3c00000, 0x00000000a3d00000, 0x00000000a3d00000|100%| O|  |TAMS 0x00000000a3d00000, 0x00000000a3c00000| Untracked 
|  17|0x00000000a3d00000, 0x00000000a3e00000, 0x00000000a3e00000|100%| O|  |TAMS 0x00000000a3e00000, 0x00000000a3d00000| Untracked 
|  18|0x00000000a3e00000, 0x00000000a3f00000, 0x00000000a3f00000|100%| O|  |TAMS 0x00000000a3f00000, 0x00000000a3e00000| Untracked 
|  19|0x00000000a3f00000, 0x00000000a4000000, 0x00000000a4000000|100%| O|  |TAMS 0x00000000a4000000, 0x00000000a3f00000| Untracked 
|  20|0x00000000a4000000, 0x00000000a4100000, 0x00000000a4100000|100%| O|  |TAMS 0x00000000a4100000, 0x00000000a4000000| Untracked 
|  21|0x00000000a4100000, 0x00000000a4200000, 0x00000000a4200000|100%| O|  |TAMS 0x00000000a4200000, 0x00000000a4100000| Untracked 
|  22|0x00000000a4200000, 0x00000000a4300000, 0x00000000a4300000|100%| O|  |TAMS 0x00000000a4300000, 0x00000000a4200000| Untracked 
|  23|0x00000000a4300000, 0x00000000a4400000, 0x00000000a4400000|100%| O|  |TAMS 0x00000000a4400000, 0x00000000a4300000| Untracked 
|  24|0x00000000a4400000, 0x00000000a4500000, 0x00000000a4500000|100%| O|  |TAMS 0x00000000a4500000, 0x00000000a4400000| Untracked 
|  25|0x00000000a4500000, 0x00000000a4600000, 0x00000000a4600000|100%| O|  |TAMS 0x00000000a4600000, 0x00000000a4500000| Untracked 
|  26|0x00000000a4600000, 0x00000000a4700000, 0x00000000a4700000|100%| O|  |TAMS 0x00000000a4700000, 0x00000000a4600000| Untracked 
|  27|0x00000000a4700000, 0x00000000a4800000, 0x00000000a4800000|100%| O|  |TAMS 0x00000000a4800000, 0x00000000a4700000| Untracked 
|  28|0x00000000a4800000, 0x00000000a4900000, 0x00000000a4900000|100%| O|  |TAMS 0x00000000a4900000, 0x00000000a4800000| Untracked 
|  29|0x00000000a4900000, 0x00000000a4a00000, 0x00000000a4a00000|100%| O|  |TAMS 0x00000000a4a00000, 0x00000000a4900000| Untracked 
|  30|0x00000000a4a00000, 0x00000000a4b00000, 0x00000000a4b00000|100%| O|  |TAMS 0x00000000a4b00000, 0x00000000a4a00000| Untracked 
|  31|0x00000000a4b00000, 0x00000000a4c00000, 0x00000000a4c00000|100%| O|  |TAMS 0x00000000a4c00000, 0x00000000a4b00000| Untracked 
|  32|0x00000000a4c00000, 0x00000000a4d00000, 0x00000000a4d00000|100%| O|  |TAMS 0x00000000a4d00000, 0x00000000a4c00000| Untracked 
|  33|0x00000000a4d00000, 0x00000000a4e00000, 0x00000000a4e00000|100%| O|  |TAMS 0x00000000a4e00000, 0x00000000a4d00000| Untracked 
|  34|0x00000000a4e00000, 0x00000000a4f00000, 0x00000000a4f00000|100%| O|  |TAMS 0x00000000a4f00000, 0x00000000a4e00000| Untracked 
|  35|0x00000000a4f00000, 0x00000000a5000000, 0x00000000a5000000|100%| O|  |TAMS 0x00000000a5000000, 0x00000000a4f00000| Untracked 
|  36|0x00000000a5000000, 0x00000000a5100000, 0x00000000a5100000|100%| O|  |TAMS 0x00000000a5100000, 0x00000000a5000000| Untracked 
|  37|0x00000000a5100000, 0x00000000a5200000, 0x00000000a5200000|100%| O|  |TAMS 0x00000000a5100000, 0x00000000a5100000| Untracked 
|  38|0x00000000a5200000, 0x00000000a5300000, 0x00000000a5300000|100%| O|  |TAMS 0x00000000a5300000, 0x00000000a5200000| Untracked 
|  39|0x00000000a5300000, 0x00000000a5400000, 0x00000000a5400000|100%|HS|  |TAMS 0x00000000a5300000, 0x00000000a5300000| Complete 
|  40|0x00000000a5400000, 0x00000000a5500000, 0x00000000a5500000|100%| O|  |TAMS 0x00000000a5500000, 0x00000000a5400000| Untracked 
|  41|0x00000000a5500000, 0x00000000a5600000, 0x00000000a5600000|100%| O|  |TAMS 0x00000000a5600000, 0x00000000a5500000| Untracked 
|  42|0x00000000a5600000, 0x00000000a5700000, 0x00000000a5700000|100%| O|  |TAMS 0x00000000a5700000, 0x00000000a5600000| Untracked 
|  43|0x00000000a5700000, 0x00000000a5800000, 0x00000000a5800000|100%| O|  |TAMS 0x00000000a5800000, 0x00000000a5700000| Untracked 
|  44|0x00000000a5800000, 0x00000000a5900000, 0x00000000a5900000|100%| O|  |TAMS 0x00000000a5900000, 0x00000000a5800000| Untracked 
|  45|0x00000000a5900000, 0x00000000a5a00000, 0x00000000a5a00000|100%| O|  |TAMS 0x00000000a5a00000, 0x00000000a5900000| Untracked 
|  46|0x00000000a5a00000, 0x00000000a5b00000, 0x00000000a5b00000|100%| O|  |TAMS 0x00000000a5b00000, 0x00000000a5a00000| Untracked 
|  47|0x00000000a5b00000, 0x00000000a5c00000, 0x00000000a5c00000|100%| O|  |TAMS 0x00000000a5c00000, 0x00000000a5b00000| Untracked 
|  48|0x00000000a5c00000, 0x00000000a5d00000, 0x00000000a5d00000|100%| O|  |TAMS 0x00000000a5d00000, 0x00000000a5c00000| Untracked 
|  49|0x00000000a5d00000, 0x00000000a5e00000, 0x00000000a5e00000|100%| O|  |TAMS 0x00000000a5e00000, 0x00000000a5d00000| Untracked 
|  50|0x00000000a5e00000, 0x00000000a5f00000, 0x00000000a5f00000|100%| O|  |TAMS 0x00000000a5f00000, 0x00000000a5e00000| Untracked 
|  51|0x00000000a5f00000, 0x00000000a6000000, 0x00000000a6000000|100%| O|  |TAMS 0x00000000a6000000, 0x00000000a5f00000| Untracked 
|  52|0x00000000a6000000, 0x00000000a6100000, 0x00000000a6100000|100%| O|  |TAMS 0x00000000a6100000, 0x00000000a6000000| Untracked 
|  53|0x00000000a6100000, 0x00000000a6200000, 0x00000000a6200000|100%| O|  |TAMS 0x00000000a6200000, 0x00000000a6100000| Untracked 
|  54|0x00000000a6200000, 0x00000000a6300000, 0x00000000a6300000|100%| O|  |TAMS 0x00000000a6300000, 0x00000000a6200000| Untracked 
|  55|0x00000000a6300000, 0x00000000a6400000, 0x00000000a6400000|100%| O|  |TAMS 0x00000000a6400000, 0x00000000a6300000| Untracked 
|  56|0x00000000a6400000, 0x00000000a6500000, 0x00000000a6500000|100%| O|  |TAMS 0x00000000a6500000, 0x00000000a6400000| Untracked 
|  57|0x00000000a6500000, 0x00000000a6600000, 0x00000000a6600000|100%| O|  |TAMS 0x00000000a6600000, 0x00000000a6500000| Untracked 
|  58|0x00000000a6600000, 0x00000000a6700000, 0x00000000a6700000|100%| O|  |TAMS 0x00000000a6700000, 0x00000000a6600000| Untracked 
|  59|0x00000000a6700000, 0x00000000a6800000, 0x00000000a6800000|100%| O|  |TAMS 0x00000000a6800000, 0x00000000a6700000| Untracked 
|  60|0x00000000a6800000, 0x00000000a6900000, 0x00000000a6900000|100%| O|  |TAMS 0x00000000a6900000, 0x00000000a6800000| Untracked 
|  61|0x00000000a6900000, 0x00000000a6a00000, 0x00000000a6a00000|100%| O|  |TAMS 0x00000000a6a00000, 0x00000000a6900000| Untracked 
|  62|0x00000000a6a00000, 0x00000000a6b00000, 0x00000000a6b00000|100%| O|  |TAMS 0x00000000a6b00000, 0x00000000a6a00000| Untracked 
|  63|0x00000000a6b00000, 0x00000000a6c00000, 0x00000000a6c00000|100%| O|  |TAMS 0x00000000a6c00000, 0x00000000a6b00000| Untracked 
|  64|0x00000000a6c00000, 0x00000000a6d00000, 0x00000000a6d00000|100%| O|  |TAMS 0x00000000a6cc5200, 0x00000000a6c00000| Untracked 
|  65|0x00000000a6d00000, 0x00000000a6e00000, 0x00000000a6e00000|100%| O|  |TAMS 0x00000000a6d00000, 0x00000000a6d00000| Untracked 
|  66|0x00000000a6e00000, 0x00000000a6f00000, 0x00000000a6f00000|100%| O|  |TAMS 0x00000000a6e00000, 0x00000000a6e00000| Untracked 
|  67|0x00000000a6f00000, 0x00000000a7000000, 0x00000000a7000000|100%| O|  |TAMS 0x00000000a6f00000, 0x00000000a6f00000| Untracked 
|  68|0x00000000a7000000, 0x00000000a7100000, 0x00000000a7100000|100%| O|  |TAMS 0x00000000a7000000, 0x00000000a7000000| Untracked 
|  69|0x00000000a7100000, 0x00000000a7200000, 0x00000000a7200000|100%| O|  |TAMS 0x00000000a7100000, 0x00000000a7100000| Untracked 
|  70|0x00000000a7200000, 0x00000000a7300000, 0x00000000a7300000|100%| O|  |TAMS 0x00000000a7200000, 0x00000000a7200000| Untracked 
|  71|0x00000000a7300000, 0x00000000a7400000, 0x00000000a7400000|100%| O|  |TAMS 0x00000000a7300000, 0x00000000a7300000| Untracked 
|  72|0x00000000a7400000, 0x00000000a7500000, 0x00000000a7500000|100%| O|  |TAMS 0x00000000a7400000, 0x00000000a7400000| Untracked 
|  73|0x00000000a7500000, 0x00000000a7600000, 0x00000000a7600000|100%| O|  |TAMS 0x00000000a7500000, 0x00000000a7500000| Untracked 
|  74|0x00000000a7600000, 0x00000000a7700000, 0x00000000a7700000|100%| O|  |TAMS 0x00000000a7600000, 0x00000000a7600000| Untracked 
|  75|0x00000000a7700000, 0x00000000a7800000, 0x00000000a7800000|100%| O|  |TAMS 0x00000000a7700000, 0x00000000a7700000| Untracked 
|  76|0x00000000a7800000, 0x00000000a7900000, 0x00000000a7900000|100%| O|  |TAMS 0x00000000a7800000, 0x00000000a7800000| Untracked 
|  77|0x00000000a7900000, 0x00000000a7a00000, 0x00000000a7a00000|100%| O|  |TAMS 0x00000000a7900000, 0x00000000a7900000| Untracked 
|  78|0x00000000a7a00000, 0x00000000a7b00000, 0x00000000a7b00000|100%| O|  |TAMS 0x00000000a7a00000, 0x00000000a7a00000| Untracked 
|  79|0x00000000a7b00000, 0x00000000a7c00000, 0x00000000a7c00000|100%| O|  |TAMS 0x00000000a7b00000, 0x00000000a7b00000| Untracked 
|  80|0x00000000a7c00000, 0x00000000a7d00000, 0x00000000a7d00000|100%| O|  |TAMS 0x00000000a7c00000, 0x00000000a7c00000| Untracked 
|  81|0x00000000a7d00000, 0x00000000a7e00000, 0x00000000a7e00000|100%| O|  |TAMS 0x00000000a7d00000, 0x00000000a7d00000| Untracked 
|  82|0x00000000a7e00000, 0x00000000a7f00000, 0x00000000a7f00000|100%| O|  |TAMS 0x00000000a7e00000, 0x00000000a7e00000| Untracked 
|  83|0x00000000a7f00000, 0x00000000a8000000, 0x00000000a8000000|100%| O|  |TAMS 0x00000000a7f00000, 0x00000000a7f00000| Untracked 
|  84|0x00000000a8000000, 0x00000000a8100000, 0x00000000a8100000|100%| O|  |TAMS 0x00000000a8000000, 0x00000000a8000000| Untracked 
|  85|0x00000000a8100000, 0x00000000a8200000, 0x00000000a8200000|100%| O|  |TAMS 0x00000000a8100000, 0x00000000a8100000| Untracked 
|  86|0x00000000a8200000, 0x00000000a8300000, 0x00000000a8300000|100%| O|  |TAMS 0x00000000a8200000, 0x00000000a8200000| Untracked 
|  87|0x00000000a8300000, 0x00000000a8400000, 0x00000000a8400000|100%| O|  |TAMS 0x00000000a8300000, 0x00000000a8300000| Untracked 
|  88|0x00000000a8400000, 0x00000000a8500000, 0x00000000a8500000|100%| O|  |TAMS 0x00000000a8400000, 0x00000000a8400000| Untracked 
|  89|0x00000000a8500000, 0x00000000a8600000, 0x00000000a8600000|100%| O|  |TAMS 0x00000000a8500000, 0x00000000a8500000| Untracked 
|  90|0x00000000a8600000, 0x00000000a8700000, 0x00000000a8700000|100%| O|  |TAMS 0x00000000a8600000, 0x00000000a8600000| Untracked 
|  91|0x00000000a8700000, 0x00000000a8800000, 0x00000000a8800000|100%| O|  |TAMS 0x00000000a8700000, 0x00000000a8700000| Untracked 
|  92|0x00000000a8800000, 0x00000000a8900000, 0x00000000a8900000|100%| O|  |TAMS 0x00000000a8800000, 0x00000000a8800000| Untracked 
|  93|0x00000000a8900000, 0x00000000a8a00000, 0x00000000a8a00000|100%| O|  |TAMS 0x00000000a8900000, 0x00000000a8900000| Untracked 
|  94|0x00000000a8a00000, 0x00000000a8b00000, 0x00000000a8b00000|100%| O|  |TAMS 0x00000000a8a00000, 0x00000000a8a00000| Untracked 
|  95|0x00000000a8b00000, 0x00000000a8c00000, 0x00000000a8c00000|100%| O|  |TAMS 0x00000000a8b00000, 0x00000000a8b00000| Untracked 
|  96|0x00000000a8c00000, 0x00000000a8d00000, 0x00000000a8d00000|100%| O|  |TAMS 0x00000000a8c00000, 0x00000000a8c00000| Untracked 
|  97|0x00000000a8d00000, 0x00000000a8e00000, 0x00000000a8e00000|100%| O|  |TAMS 0x00000000a8d00000, 0x00000000a8d00000| Untracked 
|  98|0x00000000a8e00000, 0x00000000a8f00000, 0x00000000a8f00000|100%| O|  |TAMS 0x00000000a8e00000, 0x00000000a8e00000| Untracked 
|  99|0x00000000a8f00000, 0x00000000a9000000, 0x00000000a9000000|100%| O|  |TAMS 0x00000000a8f00000, 0x00000000a8f00000| Untracked 
| 100|0x00000000a9000000, 0x00000000a9100000, 0x00000000a9100000|100%| O|  |TAMS 0x00000000a9000000, 0x00000000a9000000| Untracked 
| 101|0x00000000a9100000, 0x00000000a9200000, 0x00000000a9200000|100%| O|  |TAMS 0x00000000a9100000, 0x00000000a9100000| Untracked 
| 102|0x00000000a9200000, 0x00000000a9300000, 0x00000000a9300000|100%| O|  |TAMS 0x00000000a9200000, 0x00000000a9200000| Untracked 
| 103|0x00000000a9300000, 0x00000000a9400000, 0x00000000a9400000|100%| O|  |TAMS 0x00000000a9300000, 0x00000000a9300000| Untracked 
| 104|0x00000000a9400000, 0x00000000a9500000, 0x00000000a9500000|100%| O|  |TAMS 0x00000000a9400000, 0x00000000a9400000| Untracked 
| 105|0x00000000a9500000, 0x00000000a9600000, 0x00000000a9600000|100%| O|  |TAMS 0x00000000a9500000, 0x00000000a9500000| Untracked 
| 106|0x00000000a9600000, 0x00000000a9700000, 0x00000000a9700000|100%| O|  |TAMS 0x00000000a9600000, 0x00000000a9600000| Untracked 
| 107|0x00000000a9700000, 0x00000000a9800000, 0x00000000a9800000|100%| O|  |TAMS 0x00000000a9700000, 0x00000000a9700000| Untracked 
| 108|0x00000000a9800000, 0x00000000a9900000, 0x00000000a9900000|100%| O|  |TAMS 0x00000000a9800000, 0x00000000a9800000| Untracked 
| 109|0x00000000a9900000, 0x00000000a9a00000, 0x00000000a9a00000|100%| O|  |TAMS 0x00000000a9900000, 0x00000000a9900000| Untracked 
| 110|0x00000000a9a00000, 0x00000000a9b00000, 0x00000000a9b00000|100%| O|  |TAMS 0x00000000a9a00000, 0x00000000a9a00000| Untracked 
| 111|0x00000000a9b00000, 0x00000000a9c00000, 0x00000000a9c00000|100%| O|  |TAMS 0x00000000a9b00000, 0x00000000a9b00000| Untracked 
| 112|0x00000000a9c00000, 0x00000000a9d00000, 0x00000000a9d00000|100%| O|  |TAMS 0x00000000a9c00000, 0x00000000a9c00000| Untracked 
| 113|0x00000000a9d00000, 0x00000000a9e00000, 0x00000000a9e00000|100%| O|  |TAMS 0x00000000a9d00000, 0x00000000a9d00000| Untracked 
| 114|0x00000000a9e00000, 0x00000000a9f00000, 0x00000000a9f00000|100%| O|  |TAMS 0x00000000a9e00000, 0x00000000a9e00000| Untracked 
| 115|0x00000000a9f00000, 0x00000000aa000000, 0x00000000aa000000|100%| O|  |TAMS 0x00000000a9f00000, 0x00000000a9f00000| Untracked 
| 116|0x00000000aa000000, 0x00000000aa100000, 0x00000000aa100000|100%| O|  |TAMS 0x00000000aa000000, 0x00000000aa000000| Untracked 
| 117|0x00000000aa100000, 0x00000000aa200000, 0x00000000aa200000|100%| O|  |TAMS 0x00000000aa100000, 0x00000000aa100000| Untracked 
| 118|0x00000000aa200000, 0x00000000aa300000, 0x00000000aa300000|100%| O|  |TAMS 0x00000000aa200000, 0x00000000aa200000| Untracked 
| 119|0x00000000aa300000, 0x00000000aa400000, 0x00000000aa400000|100%| O|  |TAMS 0x00000000aa300000, 0x00000000aa300000| Untracked 
| 120|0x00000000aa400000, 0x00000000aa500000, 0x00000000aa500000|100%| O|  |TAMS 0x00000000aa400000, 0x00000000aa400000| Untracked 
| 121|0x00000000aa500000, 0x00000000aa600000, 0x00000000aa600000|100%| O|  |TAMS 0x00000000aa500000, 0x00000000aa500000| Untracked 
| 122|0x00000000aa600000, 0x00000000aa6f2a00, 0x00000000aa700000| 94%| O|  |TAMS 0x00000000aa600000, 0x00000000aa600000| Untracked 
| 123|0x00000000aa700000, 0x00000000aa700000, 0x00000000aa800000|  0%| F|  |TAMS 0x00000000aa700000, 0x00000000aa700000| Untracked 
| 124|0x00000000aa800000, 0x00000000aa800000, 0x00000000aa900000|  0%| F|  |TAMS 0x00000000aa800000, 0x00000000aa800000| Untracked 
| 125|0x00000000aa900000, 0x00000000aa900000, 0x00000000aaa00000|  0%| F|  |TAMS 0x00000000aa900000, 0x00000000aa900000| Untracked 
| 126|0x00000000aaa00000, 0x00000000aaa00000, 0x00000000aab00000|  0%| F|  |TAMS 0x00000000aaa00000, 0x00000000aaa00000| Untracked 
| 127|0x00000000aab00000, 0x00000000aab00000, 0x00000000aac00000|  0%| F|  |TAMS 0x00000000aab00000, 0x00000000aab00000| Untracked 
| 128|0x00000000aac00000, 0x00000000aac00000, 0x00000000aad00000|  0%| F|  |TAMS 0x00000000aac00000, 0x00000000aac00000| Untracked 
| 129|0x00000000aad00000, 0x00000000aad00000, 0x00000000aae00000|  0%| F|  |TAMS 0x00000000aad00000, 0x00000000aad00000| Untracked 
| 130|0x00000000aae00000, 0x00000000aae00000, 0x00000000aaf00000|  0%| F|  |TAMS 0x00000000aae00000, 0x00000000aae00000| Untracked 
| 131|0x00000000aaf00000, 0x00000000aaf00000, 0x00000000ab000000|  0%| F|  |TAMS 0x00000000aaf00000, 0x00000000aaf00000| Untracked 
| 132|0x00000000ab000000, 0x00000000ab000000, 0x00000000ab100000|  0%| F|  |TAMS 0x00000000ab000000, 0x00000000ab000000| Untracked 
| 133|0x00000000ab100000, 0x00000000ab100000, 0x00000000ab200000|  0%| F|  |TAMS 0x00000000ab100000, 0x00000000ab100000| Untracked 
| 134|0x00000000ab200000, 0x00000000ab200000, 0x00000000ab300000|  0%| F|  |TAMS 0x00000000ab200000, 0x00000000ab200000| Untracked 
| 135|0x00000000ab300000, 0x00000000ab300000, 0x00000000ab400000|  0%| F|  |TAMS 0x00000000ab300000, 0x00000000ab300000| Untracked 
| 136|0x00000000ab400000, 0x00000000ab400000, 0x00000000ab500000|  0%| F|  |TAMS 0x00000000ab400000, 0x00000000ab400000| Untracked 
| 137|0x00000000ab500000, 0x00000000ab500000, 0x00000000ab600000|  0%| F|  |TAMS 0x00000000ab500000, 0x00000000ab500000| Untracked 
| 138|0x00000000ab600000, 0x00000000ab600000, 0x00000000ab700000|  0%| F|  |TAMS 0x00000000ab600000, 0x00000000ab600000| Untracked 
| 139|0x00000000ab700000, 0x00000000ab700000, 0x00000000ab800000|  0%| F|  |TAMS 0x00000000ab700000, 0x00000000ab700000| Untracked 
| 140|0x00000000ab800000, 0x00000000ab800000, 0x00000000ab900000|  0%| F|  |TAMS 0x00000000ab800000, 0x00000000ab800000| Untracked 
| 141|0x00000000ab900000, 0x00000000ab900000, 0x00000000aba00000|  0%| F|  |TAMS 0x00000000ab900000, 0x00000000ab900000| Untracked 
| 142|0x00000000aba00000, 0x00000000aba00000, 0x00000000abb00000|  0%| F|  |TAMS 0x00000000aba00000, 0x00000000aba00000| Untracked 
| 143|0x00000000abb00000, 0x00000000abb00000, 0x00000000abc00000|  0%| F|  |TAMS 0x00000000abb00000, 0x00000000abb00000| Untracked 
| 144|0x00000000abc00000, 0x00000000abc00000, 0x00000000abd00000|  0%| F|  |TAMS 0x00000000abc00000, 0x00000000abc00000| Untracked 
| 145|0x00000000abd00000, 0x00000000abd00000, 0x00000000abe00000|  0%| F|  |TAMS 0x00000000abd00000, 0x00000000abd00000| Untracked 
| 146|0x00000000abe00000, 0x00000000abf00000, 0x00000000abf00000|100%| S|CS|TAMS 0x00000000abe00000, 0x00000000abe00000| Complete 
| 147|0x00000000abf00000, 0x00000000abf00000, 0x00000000ac000000|  0%| F|  |TAMS 0x00000000abf00000, 0x00000000abf00000| Untracked 
| 148|0x00000000ac000000, 0x00000000ac000000, 0x00000000ac100000|  0%| F|  |TAMS 0x00000000ac000000, 0x00000000ac000000| Untracked 
| 149|0x00000000ac100000, 0x00000000ac100000, 0x00000000ac200000|  0%| F|  |TAMS 0x00000000ac100000, 0x00000000ac100000| Untracked 
| 150|0x00000000ac200000, 0x00000000ac200000, 0x00000000ac300000|  0%| F|  |TAMS 0x00000000ac200000, 0x00000000ac200000| Untracked 
| 151|0x00000000ac300000, 0x00000000ac300000, 0x00000000ac400000|  0%| F|  |TAMS 0x00000000ac300000, 0x00000000ac300000| Untracked 
| 152|0x00000000ac400000, 0x00000000ac500000, 0x00000000ac500000|100%| S|CS|TAMS 0x00000000ac400000, 0x00000000ac400000| Complete 
| 153|0x00000000ac500000, 0x00000000ac600000, 0x00000000ac600000|100%| S|CS|TAMS 0x00000000ac500000, 0x00000000ac500000| Complete 
| 154|0x00000000ac600000, 0x00000000ac700000, 0x00000000ac700000|100%| S|CS|TAMS 0x00000000ac600000, 0x00000000ac600000| Complete 
| 155|0x00000000ac700000, 0x00000000ac800000, 0x00000000ac800000|100%| S|CS|TAMS 0x00000000ac700000, 0x00000000ac700000| Complete 
| 156|0x00000000ac800000, 0x00000000ac900000, 0x00000000ac900000|100%| S|CS|TAMS 0x00000000ac800000, 0x00000000ac800000| Complete 
| 157|0x00000000ac900000, 0x00000000ac900000, 0x00000000aca00000|  0%| F|  |TAMS 0x00000000ac900000, 0x00000000ac900000| Untracked 
| 158|0x00000000aca00000, 0x00000000aca00000, 0x00000000acb00000|  0%| F|  |TAMS 0x00000000aca00000, 0x00000000aca00000| Untracked 
| 159|0x00000000acb00000, 0x00000000acc00000, 0x00000000acc00000|100%| S|CS|TAMS 0x00000000acb00000, 0x00000000acb00000| Complete 
| 160|0x00000000acc00000, 0x00000000acd00000, 0x00000000acd00000|100%| S|CS|TAMS 0x00000000acc00000, 0x00000000acc00000| Complete 
| 161|0x00000000acd00000, 0x00000000ace00000, 0x00000000ace00000|100%| S|CS|TAMS 0x00000000acd00000, 0x00000000acd00000| Complete 
| 162|0x00000000ace00000, 0x00000000ace00000, 0x00000000acf00000|  0%| F|  |TAMS 0x00000000ace00000, 0x00000000ace00000| Untracked 
| 163|0x00000000acf00000, 0x00000000acf00000, 0x00000000ad000000|  0%| F|  |TAMS 0x00000000acf00000, 0x00000000acf00000| Untracked 
| 164|0x00000000ad000000, 0x00000000ad000000, 0x00000000ad100000|  0%| F|  |TAMS 0x00000000ad000000, 0x00000000ad000000| Untracked 
| 165|0x00000000ad100000, 0x00000000ad100000, 0x00000000ad200000|  0%| F|  |TAMS 0x00000000ad100000, 0x00000000ad100000| Untracked 
| 166|0x00000000ad200000, 0x00000000ad200000, 0x00000000ad300000|  0%| F|  |TAMS 0x00000000ad200000, 0x00000000ad200000| Untracked 
| 167|0x00000000ad300000, 0x00000000ad300000, 0x00000000ad400000|  0%| F|  |TAMS 0x00000000ad300000, 0x00000000ad300000| Untracked 
| 168|0x00000000ad400000, 0x00000000ad500000, 0x00000000ad500000|100%| S|CS|TAMS 0x00000000ad400000, 0x00000000ad400000| Complete 
| 169|0x00000000ad500000, 0x00000000ad600000, 0x00000000ad600000|100%| S|CS|TAMS 0x00000000ad500000, 0x00000000ad500000| Complete 
| 170|0x00000000ad600000, 0x00000000ad700000, 0x00000000ad700000|100%| S|CS|TAMS 0x00000000ad600000, 0x00000000ad600000| Complete 
| 171|0x00000000ad700000, 0x00000000ad800000, 0x00000000ad800000|100%| S|CS|TAMS 0x00000000ad700000, 0x00000000ad700000| Complete 
| 172|0x00000000ad800000, 0x00000000ad900000, 0x00000000ad900000|100%| S|CS|TAMS 0x00000000ad800000, 0x00000000ad800000| Complete 
| 173|0x00000000ad900000, 0x00000000ada00000, 0x00000000ada00000|100%| S|CS|TAMS 0x00000000ad900000, 0x00000000ad900000| Complete 
| 174|0x00000000ada00000, 0x00000000ada00000, 0x00000000adb00000|  0%| F|  |TAMS 0x00000000ada00000, 0x00000000ada00000| Untracked 
| 175|0x00000000adb00000, 0x00000000adb00000, 0x00000000adc00000|  0%| F|  |TAMS 0x00000000adb00000, 0x00000000adb00000| Untracked 
| 176|0x00000000adc00000, 0x00000000adc00000, 0x00000000add00000|  0%| F|  |TAMS 0x00000000adc00000, 0x00000000adc00000| Untracked 
| 177|0x00000000add00000, 0x00000000add00000, 0x00000000ade00000|  0%| F|  |TAMS 0x00000000add00000, 0x00000000add00000| Untracked 
| 178|0x00000000ade00000, 0x00000000ade00000, 0x00000000adf00000|  0%| F|  |TAMS 0x00000000ade00000, 0x00000000ade00000| Untracked 
| 179|0x00000000adf00000, 0x00000000adf00000, 0x00000000ae000000|  0%| F|  |TAMS 0x00000000adf00000, 0x00000000adf00000| Untracked 
| 180|0x00000000ae000000, 0x00000000ae000000, 0x00000000ae100000|  0%| F|  |TAMS 0x00000000ae000000, 0x00000000ae000000| Untracked 
| 181|0x00000000ae100000, 0x00000000ae100000, 0x00000000ae200000|  0%| F|  |TAMS 0x00000000ae100000, 0x00000000ae100000| Untracked 
| 182|0x00000000ae200000, 0x00000000ae200000, 0x00000000ae300000|  0%| F|  |TAMS 0x00000000ae200000, 0x00000000ae200000| Untracked 
| 183|0x00000000ae300000, 0x00000000ae300000, 0x00000000ae400000|  0%| F|  |TAMS 0x00000000ae300000, 0x00000000ae300000| Untracked 
| 184|0x00000000ae400000, 0x00000000ae400000, 0x00000000ae500000|  0%| F|  |TAMS 0x00000000ae400000, 0x00000000ae400000| Untracked 
| 185|0x00000000ae500000, 0x00000000ae500000, 0x00000000ae600000|  0%| F|  |TAMS 0x00000000ae500000, 0x00000000ae500000| Untracked 
| 186|0x00000000ae600000, 0x00000000ae600000, 0x00000000ae700000|  0%| F|  |TAMS 0x00000000ae600000, 0x00000000ae600000| Untracked 
| 187|0x00000000ae700000, 0x00000000ae700000, 0x00000000ae800000|  0%| F|  |TAMS 0x00000000ae700000, 0x00000000ae700000| Untracked 
| 188|0x00000000ae800000, 0x00000000ae800000, 0x00000000ae900000|  0%| F|  |TAMS 0x00000000ae800000, 0x00000000ae800000| Untracked 
| 189|0x00000000ae900000, 0x00000000ae900000, 0x00000000aea00000|  0%| F|  |TAMS 0x00000000ae900000, 0x00000000ae900000| Untracked 
| 190|0x00000000aea00000, 0x00000000aea00000, 0x00000000aeb00000|  0%| F|  |TAMS 0x00000000aea00000, 0x00000000aea00000| Untracked 
| 191|0x00000000aeb00000, 0x00000000aeb00000, 0x00000000aec00000|  0%| F|  |TAMS 0x00000000aeb00000, 0x00000000aeb00000| Untracked 
| 192|0x00000000aec00000, 0x00000000aec00000, 0x00000000aed00000|  0%| F|  |TAMS 0x00000000aec00000, 0x00000000aec00000| Untracked 
| 193|0x00000000aed00000, 0x00000000aed00000, 0x00000000aee00000|  0%| F|  |TAMS 0x00000000aed00000, 0x00000000aed00000| Untracked 
| 194|0x00000000aee00000, 0x00000000aee00000, 0x00000000aef00000|  0%| F|  |TAMS 0x00000000aee00000, 0x00000000aee00000| Untracked 
| 195|0x00000000aef00000, 0x00000000aef00000, 0x00000000af000000|  0%| F|  |TAMS 0x00000000aef00000, 0x00000000aef00000| Untracked 
| 196|0x00000000af000000, 0x00000000af000000, 0x00000000af100000|  0%| F|  |TAMS 0x00000000af000000, 0x00000000af000000| Untracked 
| 197|0x00000000af100000, 0x00000000af100000, 0x00000000af200000|  0%| F|  |TAMS 0x00000000af100000, 0x00000000af100000| Untracked 
| 198|0x00000000af200000, 0x00000000af200000, 0x00000000af300000|  0%| F|  |TAMS 0x00000000af200000, 0x00000000af200000| Untracked 
| 199|0x00000000af300000, 0x00000000af300000, 0x00000000af400000|  0%| F|  |TAMS 0x00000000af300000, 0x00000000af300000| Untracked 
| 200|0x00000000af400000, 0x00000000af400000, 0x00000000af500000|  0%| F|  |TAMS 0x00000000af400000, 0x00000000af400000| Untracked 
| 201|0x00000000af500000, 0x00000000af500000, 0x00000000af600000|  0%| F|  |TAMS 0x00000000af500000, 0x00000000af500000| Untracked 
| 202|0x00000000af600000, 0x00000000af600000, 0x00000000af700000|  0%| F|  |TAMS 0x00000000af600000, 0x00000000af600000| Untracked 
| 203|0x00000000af700000, 0x00000000af700000, 0x00000000af800000|  0%| F|  |TAMS 0x00000000af700000, 0x00000000af700000| Untracked 
| 204|0x00000000af800000, 0x00000000af800000, 0x00000000af900000|  0%| F|  |TAMS 0x00000000af800000, 0x00000000af800000| Untracked 
| 205|0x00000000af900000, 0x00000000af900000, 0x00000000afa00000|  0%| F|  |TAMS 0x00000000af900000, 0x00000000af900000| Untracked 
| 206|0x00000000afa00000, 0x00000000afa00000, 0x00000000afb00000|  0%| F|  |TAMS 0x00000000afa00000, 0x00000000afa00000| Untracked 
| 207|0x00000000afb00000, 0x00000000afb00000, 0x00000000afc00000|  0%| F|  |TAMS 0x00000000afb00000, 0x00000000afb00000| Untracked 
| 208|0x00000000afc00000, 0x00000000afc00000, 0x00000000afd00000|  0%| F|  |TAMS 0x00000000afc00000, 0x00000000afc00000| Untracked 
| 209|0x00000000afd00000, 0x00000000afd00000, 0x00000000afe00000|  0%| F|  |TAMS 0x00000000afd00000, 0x00000000afd00000| Untracked 
| 210|0x00000000afe00000, 0x00000000afe00000, 0x00000000aff00000|  0%| F|  |TAMS 0x00000000afe00000, 0x00000000afe00000| Untracked 
| 211|0x00000000aff00000, 0x00000000aff00000, 0x00000000b0000000|  0%| F|  |TAMS 0x00000000aff00000, 0x00000000aff00000| Untracked 
| 212|0x00000000b0000000, 0x00000000b0000000, 0x00000000b0100000|  0%| F|  |TAMS 0x00000000b0000000, 0x00000000b0000000| Untracked 
| 213|0x00000000b0100000, 0x00000000b0100000, 0x00000000b0200000|  0%| F|  |TAMS 0x00000000b0100000, 0x00000000b0100000| Untracked 
| 214|0x00000000b0200000, 0x00000000b0200000, 0x00000000b0300000|  0%| F|  |TAMS 0x00000000b0200000, 0x00000000b0200000| Untracked 
| 215|0x00000000b0300000, 0x00000000b0300000, 0x00000000b0400000|  0%| F|  |TAMS 0x00000000b0300000, 0x00000000b0300000| Untracked 
| 216|0x00000000b0400000, 0x00000000b0400000, 0x00000000b0500000|  0%| F|  |TAMS 0x00000000b0400000, 0x00000000b0400000| Untracked 
| 217|0x00000000b0500000, 0x00000000b0500000, 0x00000000b0600000|  0%| F|  |TAMS 0x00000000b0500000, 0x00000000b0500000| Untracked 
| 218|0x00000000b0600000, 0x00000000b0600000, 0x00000000b0700000|  0%| F|  |TAMS 0x00000000b0600000, 0x00000000b0600000| Untracked 
| 219|0x00000000b0700000, 0x00000000b0700000, 0x00000000b0800000|  0%| F|  |TAMS 0x00000000b0700000, 0x00000000b0700000| Untracked 
| 220|0x00000000b0800000, 0x00000000b0800000, 0x00000000b0900000|  0%| F|  |TAMS 0x00000000b0800000, 0x00000000b0800000| Untracked 
| 221|0x00000000b0900000, 0x00000000b0900000, 0x00000000b0a00000|  0%| F|  |TAMS 0x00000000b0900000, 0x00000000b0900000| Untracked 
| 222|0x00000000b0a00000, 0x00000000b0a00000, 0x00000000b0b00000|  0%| F|  |TAMS 0x00000000b0a00000, 0x00000000b0a00000| Untracked 
| 223|0x00000000b0b00000, 0x00000000b0b00000, 0x00000000b0c00000|  0%| F|  |TAMS 0x00000000b0b00000, 0x00000000b0b00000| Untracked 
| 224|0x00000000b0c00000, 0x00000000b0c00000, 0x00000000b0d00000|  0%| F|  |TAMS 0x00000000b0c00000, 0x00000000b0c00000| Untracked 
| 225|0x00000000b0d00000, 0x00000000b0d00000, 0x00000000b0e00000|  0%| F|  |TAMS 0x00000000b0d00000, 0x00000000b0d00000| Untracked 
| 226|0x00000000b0e00000, 0x00000000b0e00000, 0x00000000b0f00000|  0%| F|  |TAMS 0x00000000b0e00000, 0x00000000b0e00000| Untracked 
| 227|0x00000000b0f00000, 0x00000000b0f00000, 0x00000000b1000000|  0%| F|  |TAMS 0x00000000b0f00000, 0x00000000b0f00000| Untracked 
| 228|0x00000000b1000000, 0x00000000b1000000, 0x00000000b1100000|  0%| F|  |TAMS 0x00000000b1000000, 0x00000000b1000000| Untracked 
| 229|0x00000000b1100000, 0x00000000b1100000, 0x00000000b1200000|  0%| F|  |TAMS 0x00000000b1100000, 0x00000000b1100000| Untracked 
| 230|0x00000000b1200000, 0x00000000b1200000, 0x00000000b1300000|  0%| F|  |TAMS 0x00000000b1200000, 0x00000000b1200000| Untracked 
| 231|0x00000000b1300000, 0x00000000b1300000, 0x00000000b1400000|  0%| F|  |TAMS 0x00000000b1300000, 0x00000000b1300000| Untracked 
| 232|0x00000000b1400000, 0x00000000b1400000, 0x00000000b1500000|  0%| F|  |TAMS 0x00000000b1400000, 0x00000000b1400000| Untracked 
| 233|0x00000000b1500000, 0x00000000b1500000, 0x00000000b1600000|  0%| F|  |TAMS 0x00000000b1500000, 0x00000000b1500000| Untracked 
| 234|0x00000000b1600000, 0x00000000b1600000, 0x00000000b1700000|  0%| F|  |TAMS 0x00000000b1600000, 0x00000000b1600000| Untracked 
| 235|0x00000000b1700000, 0x00000000b1700000, 0x00000000b1800000|  0%| F|  |TAMS 0x00000000b1700000, 0x00000000b1700000| Untracked 
| 236|0x00000000b1800000, 0x00000000b1800000, 0x00000000b1900000|  0%| F|  |TAMS 0x00000000b1800000, 0x00000000b1800000| Untracked 
| 237|0x00000000b1900000, 0x00000000b1900000, 0x00000000b1a00000|  0%| F|  |TAMS 0x00000000b1900000, 0x00000000b1900000| Untracked 
| 238|0x00000000b1a00000, 0x00000000b1a00000, 0x00000000b1b00000|  0%| F|  |TAMS 0x00000000b1a00000, 0x00000000b1a00000| Untracked 
| 239|0x00000000b1b00000, 0x00000000b1b00000, 0x00000000b1c00000|  0%| F|  |TAMS 0x00000000b1b00000, 0x00000000b1b00000| Untracked 
| 240|0x00000000b1c00000, 0x00000000b1c00000, 0x00000000b1d00000|  0%| F|  |TAMS 0x00000000b1c00000, 0x00000000b1c00000| Untracked 
| 241|0x00000000b1d00000, 0x00000000b1d00000, 0x00000000b1e00000|  0%| F|  |TAMS 0x00000000b1d00000, 0x00000000b1d00000| Untracked 
| 242|0x00000000b1e00000, 0x00000000b1e00000, 0x00000000b1f00000|  0%| F|  |TAMS 0x00000000b1e00000, 0x00000000b1e00000| Untracked 
| 243|0x00000000b1f00000, 0x00000000b1f00000, 0x00000000b2000000|  0%| F|  |TAMS 0x00000000b1f00000, 0x00000000b1f00000| Untracked 
| 244|0x00000000b2000000, 0x00000000b2000000, 0x00000000b2100000|  0%| F|  |TAMS 0x00000000b2000000, 0x00000000b2000000| Untracked 
| 245|0x00000000b2100000, 0x00000000b2100000, 0x00000000b2200000|  0%| F|  |TAMS 0x00000000b2100000, 0x00000000b2100000| Untracked 
| 246|0x00000000b2200000, 0x00000000b2200000, 0x00000000b2300000|  0%| F|  |TAMS 0x00000000b2200000, 0x00000000b2200000| Untracked 
| 247|0x00000000b2300000, 0x00000000b2300000, 0x00000000b2400000|  0%| F|  |TAMS 0x00000000b2300000, 0x00000000b2300000| Untracked 
| 248|0x00000000b2400000, 0x00000000b2400000, 0x00000000b2500000|  0%| F|  |TAMS 0x00000000b2400000, 0x00000000b2400000| Untracked 
| 249|0x00000000b2500000, 0x00000000b2500000, 0x00000000b2600000|  0%| F|  |TAMS 0x00000000b2500000, 0x00000000b2500000| Untracked 
| 250|0x00000000b2600000, 0x00000000b2600000, 0x00000000b2700000|  0%| F|  |TAMS 0x00000000b2600000, 0x00000000b2600000| Untracked 
| 251|0x00000000b2700000, 0x00000000b2700000, 0x00000000b2800000|  0%| F|  |TAMS 0x00000000b2700000, 0x00000000b2700000| Untracked 
| 252|0x00000000b2800000, 0x00000000b2800000, 0x00000000b2900000|  0%| F|  |TAMS 0x00000000b2800000, 0x00000000b2800000| Untracked 
| 253|0x00000000b2900000, 0x00000000b2900000, 0x00000000b2a00000|  0%| F|  |TAMS 0x00000000b2900000, 0x00000000b2900000| Untracked 
| 254|0x00000000b2a00000, 0x00000000b2a00000, 0x00000000b2b00000|  0%| F|  |TAMS 0x00000000b2a00000, 0x00000000b2a00000| Untracked 
| 255|0x00000000b2b00000, 0x00000000b2b00000, 0x00000000b2c00000|  0%| F|  |TAMS 0x00000000b2b00000, 0x00000000b2b00000| Untracked 
| 256|0x00000000b2c00000, 0x00000000b2c00000, 0x00000000b2d00000|  0%| F|  |TAMS 0x00000000b2c00000, 0x00000000b2c00000| Untracked 
| 257|0x00000000b2d00000, 0x00000000b2d00000, 0x00000000b2e00000|  0%| F|  |TAMS 0x00000000b2d00000, 0x00000000b2d00000| Untracked 
| 258|0x00000000b2e00000, 0x00000000b2e00000, 0x00000000b2f00000|  0%| F|  |TAMS 0x00000000b2e00000, 0x00000000b2e00000| Untracked 
| 259|0x00000000b2f00000, 0x00000000b2f00000, 0x00000000b3000000|  0%| F|  |TAMS 0x00000000b2f00000, 0x00000000b2f00000| Untracked 
| 260|0x00000000b3000000, 0x00000000b3000000, 0x00000000b3100000|  0%| F|  |TAMS 0x00000000b3000000, 0x00000000b3000000| Untracked 
| 261|0x00000000b3100000, 0x00000000b3100000, 0x00000000b3200000|  0%| F|  |TAMS 0x00000000b3100000, 0x00000000b3100000| Untracked 
| 262|0x00000000b3200000, 0x00000000b3200000, 0x00000000b3300000|  0%| F|  |TAMS 0x00000000b3200000, 0x00000000b3200000| Untracked 
| 263|0x00000000b3300000, 0x00000000b3300000, 0x00000000b3400000|  0%| F|  |TAMS 0x00000000b3300000, 0x00000000b3300000| Untracked 
| 264|0x00000000b3400000, 0x00000000b3400000, 0x00000000b3500000|  0%| F|  |TAMS 0x00000000b3400000, 0x00000000b3400000| Untracked 
| 265|0x00000000b3500000, 0x00000000b3500000, 0x00000000b3600000|  0%| F|  |TAMS 0x00000000b3500000, 0x00000000b3500000| Untracked 
| 266|0x00000000b3600000, 0x00000000b3600000, 0x00000000b3700000|  0%| F|  |TAMS 0x00000000b3600000, 0x00000000b3600000| Untracked 
| 267|0x00000000b3700000, 0x00000000b3700000, 0x00000000b3800000|  0%| F|  |TAMS 0x00000000b3700000, 0x00000000b3700000| Untracked 
| 268|0x00000000b3800000, 0x00000000b3800000, 0x00000000b3900000|  0%| F|  |TAMS 0x00000000b3800000, 0x00000000b3800000| Untracked 
| 269|0x00000000b3900000, 0x00000000b3900000, 0x00000000b3a00000|  0%| F|  |TAMS 0x00000000b3900000, 0x00000000b3900000| Untracked 
| 270|0x00000000b3a00000, 0x00000000b3a00000, 0x00000000b3b00000|  0%| F|  |TAMS 0x00000000b3a00000, 0x00000000b3a00000| Untracked 
| 271|0x00000000b3b00000, 0x00000000b3b00000, 0x00000000b3c00000|  0%| F|  |TAMS 0x00000000b3b00000, 0x00000000b3b00000| Untracked 
| 272|0x00000000b3c00000, 0x00000000b3c00000, 0x00000000b3d00000|  0%| F|  |TAMS 0x00000000b3c00000, 0x00000000b3c00000| Untracked 
| 273|0x00000000b3d00000, 0x00000000b3d00000, 0x00000000b3e00000|  0%| F|  |TAMS 0x00000000b3d00000, 0x00000000b3d00000| Untracked 
| 274|0x00000000b3e00000, 0x00000000b3e00000, 0x00000000b3f00000|  0%| F|  |TAMS 0x00000000b3e00000, 0x00000000b3e00000| Untracked 
| 275|0x00000000b3f00000, 0x00000000b3f00000, 0x00000000b4000000|  0%| F|  |TAMS 0x00000000b3f00000, 0x00000000b3f00000| Untracked 
| 276|0x00000000b4000000, 0x00000000b4000000, 0x00000000b4100000|  0%| F|  |TAMS 0x00000000b4000000, 0x00000000b4000000| Untracked 
| 277|0x00000000b4100000, 0x00000000b4100000, 0x00000000b4200000|  0%| F|  |TAMS 0x00000000b4100000, 0x00000000b4100000| Untracked 
| 278|0x00000000b4200000, 0x00000000b4200000, 0x00000000b4300000|  0%| F|  |TAMS 0x00000000b4200000, 0x00000000b4200000| Untracked 
| 279|0x00000000b4300000, 0x00000000b4300000, 0x00000000b4400000|  0%| F|  |TAMS 0x00000000b4300000, 0x00000000b4300000| Untracked 
| 280|0x00000000b4400000, 0x00000000b4400000, 0x00000000b4500000|  0%| F|  |TAMS 0x00000000b4400000, 0x00000000b4400000| Untracked 
| 281|0x00000000b4500000, 0x00000000b4500000, 0x00000000b4600000|  0%| F|  |TAMS 0x00000000b4500000, 0x00000000b4500000| Untracked 
| 282|0x00000000b4600000, 0x00000000b4600000, 0x00000000b4700000|  0%| F|  |TAMS 0x00000000b4600000, 0x00000000b4600000| Untracked 
| 283|0x00000000b4700000, 0x00000000b4700000, 0x00000000b4800000|  0%| F|  |TAMS 0x00000000b4700000, 0x00000000b4700000| Untracked 

Card table byte_map: [0x0000028c54c60000,0x0000028c54f50000] _byte_map_base: 0x0000028c5474a000

Marking Bits (Prev, Next): (CMBitMap*) 0x0000028c4d29f000, (CMBitMap*) 0x0000028c4d29f040
 Prev Bits: [0x0000028c55240000, 0x0000028c56990000)
 Next Bits: [0x0000028c56990000, 0x0000028c580e0000)

Polling page: 0x0000028c4d330000

Metaspace:

Usage:
  Non-class:     39.91 MB used.
      Class:      5.62 MB used.
       Both:     45.53 MB used.

Virtual space:
  Non-class space:       48.00 MB reserved,      40.06 MB ( 83%) committed,  6 nodes.
      Class space:        1.00 GB reserved,       5.75 MB ( <1%) committed,  1 nodes.
             Both:        1.05 GB reserved,      45.81 MB (  4%) committed. 

Chunk freelists:
   Non-Class:  3.81 MB
       Class:  2.25 MB
        Both:  6.06 MB

MaxMetaspaceSize: unlimited
CompressedClassSpaceSize: 1.00 GB
Initial GC threshold: 21.00 MB
Current GC threshold: 63.44 MB
CDS: off
MetaspaceReclaimPolicy: balanced
 - commit_granule_bytes: 65536.
 - commit_granule_words: 8192.
 - virtual_space_node_default_size: 1048576.
 - enlarge_chunks_in_place: 1.
 - new_chunks_are_fully_committed: 0.
 - uncommit_free_chunks: 1.
 - use_allocation_guard: 0.
 - handle_deallocations: 1.


Internal statistics:

num_allocs_failed_limit: 3.
num_arena_births: 416.
num_arena_deaths: 14.
num_vsnodes_births: 7.
num_vsnodes_deaths: 0.
num_space_committed: 733.
num_space_uncommitted: 0.
num_chunks_returned_to_freelist: 17.
num_chunks_taken_from_freelist: 1830.
num_chunk_merges: 7.
num_chunk_splits: 1296.
num_chunks_enlarged: 1023.
num_purges: 2.
num_inconsistent_stats: 0.

CodeCache: size=49152Kb used=10064Kb max_used=10064Kb free=39087Kb
 bounds [0x0000028c516f0000, 0x0000028c520d0000, 0x0000028c546f0000]
 total_blobs=5331 nmethods=4746 adapters=512
 compilation: enabled
              stopped_count=0, restarted_count=0
 full_count=0

Compilation events (20 events):
Event: 61.209 Thread 0x0000028c5a507030 4740       1       org.eclipse.jdt.internal.compiler.classfmt.ClassFileReader::getMissingTypeNames (5 bytes)
Event: 61.209 Thread 0x0000028c5a507030 nmethod 4740 0x0000028c520c0790 code [0x0000028c520c0920, 0x0000028c520c09f8]
Event: 61.209 Thread 0x0000028c5a507030 4741       1       org.eclipse.jdt.internal.compiler.classfmt.ClassFileReader::getPermittedSubtypeNames (5 bytes)
Event: 61.209 Thread 0x0000028c5a507030 nmethod 4741 0x0000028c520c0a90 code [0x0000028c520c0c20, 0x0000028c520c0cf8]
Event: 61.212 Thread 0x0000028c5a507030 4742       1       org.eclipse.jdt.internal.compiler.classfmt.ClassFileReader::isRecord (5 bytes)
Event: 61.212 Thread 0x0000028c5d3ce0a0 4743       1       org.eclipse.jdt.internal.compiler.classfmt.ClassFileReader::getFields (5 bytes)
Event: 61.213 Thread 0x0000028c5a507030 nmethod 4742 0x0000028c520c0d90 code [0x0000028c520c0f20, 0x0000028c520c0ff8]
Event: 61.213 Thread 0x0000028c5d3ce0a0 nmethod 4743 0x0000028c520c1090 code [0x0000028c520c1220, 0x0000028c520c12f8]
Event: 61.213 Thread 0x0000028c5d3ce0a0 4744       1       org.eclipse.jdt.internal.compiler.classfmt.ClassFileReader::getMethods (5 bytes)
Event: 61.213 Thread 0x0000028c5d3ce0a0 nmethod 4744 0x0000028c520c1390 code [0x0000028c520c1520, 0x0000028c520c15f8]
Event: 61.218 Thread 0x0000028c5a507030 4745       1       org.eclipse.jdt.internal.compiler.lookup.ReferenceBinding::isPublic (13 bytes)
Event: 61.219 Thread 0x0000028c5a507030 nmethod 4745 0x0000028c520c1690 code [0x0000028c520c1820, 0x0000028c520c1918]
Event: 61.229 Thread 0x0000028c5a507030 4746   !   1       org.eclipse.jdt.internal.compiler.lookup.BinaryTypeBinding::createMethods (447 bytes)
Event: 61.233 Thread 0x0000028c5a507030 nmethod 4746 0x0000028c520c1990 code [0x0000028c520c1c00, 0x0000028c520c2b58]
Event: 61.236 Thread 0x0000028c5a507030 4747       1       org.eclipse.jdt.internal.compiler.problem.DefaultProblem::getID (5 bytes)
Event: 61.236 Thread 0x0000028c5a507030 nmethod 4747 0x0000028c520c3910 code [0x0000028c520c3aa0, 0x0000028c520c3b78]
Event: 61.502 Thread 0x0000028c5d3ce0a0 4749       1       org.eclipse.jdt.core.dom.DefaultASTVisitor::endVisit (6 bytes)
Event: 61.502 Thread 0x0000028c5d3ce0a0 nmethod 4749 0x0000028c520c3c10 code [0x0000028c520c3da0, 0x0000028c520c3e88]
Event: 61.503 Thread 0x0000028c5a507030 4750       1       org.eclipse.jdt.internal.compiler.problem.DefaultProblem::getSourceStart (5 bytes)
Event: 61.503 Thread 0x0000028c5a507030 nmethod 4750 0x0000028c520c3f10 code [0x0000028c520c40a0, 0x0000028c520c4178]

GC Heap History (20 events):
Event: 47.351 GC heap after
{Heap after GC invocations=32 (full 0):
 garbage-first heap   total 286720K, used 74747K [0x00000000a2c00000, 0x0000000100000000)
  region size 1024K, 1 young (1024K), 1 survivors (1024K)
 Metaspace       used 39233K, committed 39616K, reserved 1089536K
  class space    used 4971K, committed 5184K, reserved 1048576K
}
Event: 49.335 GC heap before
{Heap before GC invocations=32 (full 0):
 garbage-first heap   total 286720K, used 212987K [0x00000000a2c00000, 0x0000000100000000)
  region size 1024K, 136 young (139264K), 1 survivors (1024K)
 Metaspace       used 39542K, committed 40000K, reserved 1089536K
  class space    used 5024K, committed 5248K, reserved 1048576K
}
Event: 49.352 GC heap after
{Heap after GC invocations=33 (full 0):
 garbage-first heap   total 286720K, used 82735K [0x00000000a2c00000, 0x0000000100000000)
  region size 1024K, 8 young (8192K), 8 survivors (8192K)
 Metaspace       used 39542K, committed 40000K, reserved 1089536K
  class space    used 5024K, committed 5248K, reserved 1048576K
}
Event: 50.260 GC heap before
{Heap before GC invocations=33 (full 0):
 garbage-first heap   total 286720K, used 217903K [0x00000000a2c00000, 0x0000000100000000)
  region size 1024K, 142 young (145408K), 8 survivors (8192K)
 Metaspace       used 40822K, committed 41216K, reserved 1089536K
  class space    used 5121K, committed 5312K, reserved 1048576K
}
Event: 50.275 GC heap after
{Heap after GC invocations=34 (full 0):
 garbage-first heap   total 286720K, used 91131K [0x00000000a2c00000, 0x0000000100000000)
  region size 1024K, 16 young (16384K), 16 survivors (16384K)
 Metaspace       used 40822K, committed 41216K, reserved 1089536K
  class space    used 5121K, committed 5312K, reserved 1048576K
}
Event: 51.306 GC heap before
{Heap before GC invocations=34 (full 0):
 garbage-first heap   total 286720K, used 222203K [0x00000000a2c00000, 0x0000000100000000)
  region size 1024K, 145 young (148480K), 16 survivors (16384K)
 Metaspace       used 41825K, committed 42176K, reserved 1089536K
  class space    used 5207K, committed 5376K, reserved 1048576K
}
Event: 51.330 GC heap after
{Heap after GC invocations=35 (full 0):
 garbage-first heap   total 286720K, used 96884K [0x00000000a2c00000, 0x0000000100000000)
  region size 1024K, 14 young (14336K), 14 survivors (14336K)
 Metaspace       used 41825K, committed 42176K, reserved 1089536K
  class space    used 5207K, committed 5376K, reserved 1048576K
}
Event: 51.867 GC heap before
{Heap before GC invocations=35 (full 0):
 garbage-first heap   total 286720K, used 228980K [0x00000000a2c00000, 0x0000000100000000)
  region size 1024K, 143 young (146432K), 14 survivors (14336K)
 Metaspace       used 42654K, committed 43008K, reserved 1089536K
  class space    used 5322K, committed 5504K, reserved 1048576K
}
Event: 51.886 GC heap after
{Heap after GC invocations=36 (full 0):
 garbage-first heap   total 286720K, used 101715K [0x00000000a2c00000, 0x0000000100000000)
  region size 1024K, 11 young (11264K), 11 survivors (11264K)
 Metaspace       used 42654K, committed 43008K, reserved 1089536K
  class space    used 5322K, committed 5504K, reserved 1048576K
}
Event: 54.301 GC heap before
{Heap before GC invocations=36 (full 0):
 garbage-first heap   total 286720K, used 231763K [0x00000000a2c00000, 0x0000000100000000)
  region size 1024K, 139 young (142336K), 11 survivors (11264K)
 Metaspace       used 43641K, committed 44032K, reserved 1089536K
  class space    used 5449K, committed 5632K, reserved 1048576K
}
Event: 54.331 GC heap after
{Heap after GC invocations=37 (full 0):
 garbage-first heap   total 286720K, used 109056K [0x00000000a2c00000, 0x0000000100000000)
  region size 1024K, 12 young (12288K), 12 survivors (12288K)
 Metaspace       used 43641K, committed 44032K, reserved 1089536K
  class space    used 5449K, committed 5632K, reserved 1048576K
}
Event: 56.150 GC heap before
{Heap before GC invocations=37 (full 0):
 garbage-first heap   total 286720K, used 233984K [0x00000000a2c00000, 0x0000000100000000)
  region size 1024K, 135 young (138240K), 12 survivors (12288K)
 Metaspace       used 44707K, committed 45056K, reserved 1089536K
  class space    used 5542K, committed 5696K, reserved 1048576K
}
Event: 56.179 GC heap after
{Heap after GC invocations=38 (full 0):
 garbage-first heap   total 286720K, used 114176K [0x00000000a2c00000, 0x0000000100000000)
  region size 1024K, 11 young (11264K), 11 survivors (11264K)
 Metaspace       used 44707K, committed 45056K, reserved 1089536K
  class space    used 5542K, committed 5696K, reserved 1048576K
}
Event: 56.787 GC heap before
{Heap before GC invocations=38 (full 0):
 garbage-first heap   total 286720K, used 237056K [0x00000000a2c00000, 0x0000000100000000)
  region size 1024K, 132 young (135168K), 11 survivors (11264K)
 Metaspace       used 45850K, committed 46208K, reserved 1089536K
  class space    used 5663K, committed 5824K, reserved 1048576K
}
Event: 56.812 GC heap after
{Heap after GC invocations=39 (full 0):
 garbage-first heap   total 286720K, used 119808K [0x00000000a2c00000, 0x0000000100000000)
  region size 1024K, 10 young (10240K), 10 survivors (10240K)
 Metaspace       used 45850K, committed 46208K, reserved 1089536K
  class space    used 5663K, committed 5824K, reserved 1048576K
}
Event: 58.853 GC heap before
{Heap before GC invocations=39 (full 0):
 garbage-first heap   total 286720K, used 239616K [0x00000000a2c00000, 0x0000000100000000)
  region size 1024K, 128 young (131072K), 10 survivors (10240K)
 Metaspace       used 46237K, committed 46592K, reserved 1089536K
  class space    used 5710K, committed 5888K, reserved 1048576K
}
Event: 58.881 GC heap after
{Heap after GC invocations=40 (full 0):
 garbage-first heap   total 286720K, used 125952K [0x00000000a2c00000, 0x0000000100000000)
  region size 1024K, 12 young (12288K), 12 survivors (12288K)
 Metaspace       used 46237K, committed 46592K, reserved 1089536K
  class space    used 5710K, committed 5888K, reserved 1048576K
}
Event: 59.847 GC heap before
{Heap before GC invocations=40 (full 0):
 garbage-first heap   total 286720K, used 239616K [0x00000000a2c00000, 0x0000000100000000)
  region size 1024K, 124 young (126976K), 12 survivors (12288K)
 Metaspace       used 46455K, committed 46784K, reserved 1097728K
  class space    used 5743K, committed 5888K, reserved 1048576K
}
Event: 59.894 GC heap after
{Heap after GC invocations=41 (full 0):
 garbage-first heap   total 286720K, used 132048K [0x00000000a2c00000, 0x0000000100000000)
  region size 1024K, 13 young (13312K), 13 survivors (13312K)
 Metaspace       used 46455K, committed 46784K, reserved 1097728K
  class space    used 5743K, committed 5888K, reserved 1048576K
}
Event: 61.812 GC heap before
{Heap before GC invocations=41 (full 0):
 garbage-first heap   total 286720K, used 239568K [0x00000000a2c00000, 0x0000000100000000)
  region size 1024K, 119 young (121856K), 13 survivors (13312K)
 Metaspace       used 46626K, committed 46912K, reserved 1097728K
  class space    used 5758K, committed 5888K, reserved 1048576K
}

Deoptimization events (16 events):
Event: 21.374 Thread 0x0000028c4d2546d0 DEOPT PACKING pc=0x0000028c51a3ac19 sp=0x000000b827dfd190
Event: 21.374 Thread 0x0000028c4d2546d0 DEOPT UNPACKING pc=0x0000028c51742b24 sp=0x000000b827dfc670 mode 3
Event: 32.950 Thread 0x0000028c5c781ff0 DEOPT PACKING pc=0x0000028c51ce12ab sp=0x000000b8292fe690
Event: 32.950 Thread 0x0000028c5c781ff0 DEOPT UNPACKING pc=0x0000028c51742b24 sp=0x000000b8292fdbd8 mode 3
Event: 36.226 Thread 0x0000028c5bae4470 DEOPT PACKING pc=0x0000028c51a3d681 sp=0x000000b8293fea50
Event: 36.226 Thread 0x0000028c5bae4470 DEOPT UNPACKING pc=0x0000028c51742b24 sp=0x000000b8293fdee0 mode 3
Event: 38.406 Thread 0x0000028c5cca13d0 DEOPT PACKING pc=0x0000028c51e28eb5 sp=0x000000b829afd580
Event: 38.406 Thread 0x0000028c5cca13d0 DEOPT UNPACKING pc=0x0000028c51742b24 sp=0x000000b829afcaa8 mode 3
Event: 41.897 Thread 0x0000028c5cca0090 DEOPT PACKING pc=0x0000028c51a3ff17 sp=0x000000b829dff1f0
Event: 41.897 Thread 0x0000028c5cca0090 DEOPT UNPACKING pc=0x0000028c51742b24 sp=0x000000b829dfe648 mode 3
Event: 57.516 Thread 0x0000028c5c772240 DEOPT PACKING pc=0x0000028c51efb684 sp=0x000000b82a3fe100
Event: 57.516 Thread 0x0000028c5c772240 DEOPT UNPACKING pc=0x0000028c51742b24 sp=0x000000b82a3fd678 mode 0
Event: 58.699 Thread 0x0000028c5c772240 DEOPT PACKING pc=0x0000028c51fa2aee sp=0x000000b82a3fcf30
Event: 58.699 Thread 0x0000028c5c772240 DEOPT UNPACKING pc=0x0000028c51742b24 sp=0x000000b82a3fc428 mode 3
Event: 61.228 Thread 0x0000028c5c773580 DEOPT PACKING pc=0x0000028c520be844 sp=0x000000b827bfd7f0
Event: 61.228 Thread 0x0000028c5c773580 DEOPT UNPACKING pc=0x0000028c51742b24 sp=0x000000b827bfcce0 mode 3

Classes unloaded (7 events):
Event: 37.378 Thread 0x0000028c5a4b39c0 Unloading class 0x000000010020b400 'java/lang/invoke/LambdaForm$MH+0x000000010020b400'
Event: 37.378 Thread 0x0000028c5a4b39c0 Unloading class 0x000000010020a800 'java/lang/invoke/LambdaForm$MH+0x000000010020a800'
Event: 37.378 Thread 0x0000028c5a4b39c0 Unloading class 0x0000000100203000 'java/lang/invoke/LambdaForm$MH+0x0000000100203000'
Event: 37.378 Thread 0x0000028c5a4b39c0 Unloading class 0x0000000100202c00 'java/lang/invoke/LambdaForm$MH+0x0000000100202c00'
Event: 37.378 Thread 0x0000028c5a4b39c0 Unloading class 0x0000000100202800 'java/lang/invoke/LambdaForm$MH+0x0000000100202800'
Event: 37.378 Thread 0x0000028c5a4b39c0 Unloading class 0x0000000100202400 'java/lang/invoke/LambdaForm$MH+0x0000000100202400'
Event: 37.378 Thread 0x0000028c5a4b39c0 Unloading class 0x0000000100202000 'java/lang/invoke/LambdaForm$MH+0x0000000100202000'

Classes redefined (0 events):
No events

Internal exceptions (20 events):
Event: 33.092 Thread 0x0000028c5bae4470 Exception <a 'sun/nio/fs/WindowsException'{0x00000000a4bf3728}> (0x00000000a4bf3728) 
thrown [s\src\hotspot\share\prims\jni.cpp, line 516]
Event: 33.093 Thread 0x0000028c5bae4470 Exception <a 'sun/nio/fs/WindowsException'{0x00000000a4bf4150}> (0x00000000a4bf4150) 
thrown [s\src\hotspot\share\prims\jni.cpp, line 516]
Event: 33.093 Thread 0x0000028c5bae4470 Exception <a 'sun/nio/fs/WindowsException'{0x00000000a4bf4540}> (0x00000000a4bf4540) 
thrown [s\src\hotspot\share\prims\jni.cpp, line 516]
Event: 33.093 Thread 0x0000028c5bae4470 Exception <a 'sun/nio/fs/WindowsException'{0x00000000a4bf4f60}> (0x00000000a4bf4f60) 
thrown [s\src\hotspot\share\prims\jni.cpp, line 516]
Event: 33.093 Thread 0x0000028c5bae4470 Exception <a 'sun/nio/fs/WindowsException'{0x00000000a4bf5348}> (0x00000000a4bf5348) 
thrown [s\src\hotspot\share\prims\jni.cpp, line 516]
Event: 33.220 Thread 0x0000028c4d2546d0 Exception <a 'java/lang/NoSuchMethodError'{0x00000000a4a43400}: 'java.lang.Object java.lang.invoke.DirectMethodHandle$Holder.newInvokeSpecial(java.lang.Object, java.lang.Object, int, java.lang.Object, java.lang.Object)'> (0x00000000a4a43400) 
thrown [s\src\hotspot\share\interpreter\linkResolver.cpp, line 759]
Event: 33.226 Thread 0x0000028c4d2546d0 Exception <a 'java/lang/NoSuchMethodError'{0x00000000a4a89c80}: 'java.lang.Object java.lang.invoke.DirectMethodHandle$Holder.invokeSpecial(java.lang.Object, java.lang.Object, int, java.lang.Object, int, java.lang.Object)'> (0x00000000a4a89c80) 
thrown [s\src\hotspot\share\interpreter\linkResolver.cpp, line 759]
Event: 33.227 Thread 0x0000028c4d2546d0 Exception <a 'java/lang/NoSuchMethodError'{0x00000000a4a91a80}: 'java.lang.Object java.lang.invoke.DirectMethodHandle$Holder.newInvokeSpecial(java.lang.Object, java.lang.Object, int, java.lang.Object, int)'> (0x00000000a4a91a80) 
thrown [s\src\hotspot\share\interpreter\linkResolver.cpp, line 759]
Event: 33.227 Thread 0x0000028c4d2546d0 Exception <a 'java/lang/NoSuchMethodError'{0x00000000a4a95b80}: 'java.lang.Object java.lang.invoke.DirectMethodHandle$Holder.invokeSpecial(java.lang.Object, java.lang.Object, java.lang.Object, int, java.lang.Object, int)'> (0x00000000a4a95b80) 
thrown [s\src\hotspot\share\interpreter\linkResolver.cpp, line 759]
Event: 38.144 Thread 0x0000028c5cca0f00 Exception <a 'java/lang/NoSuchMethodError'{0x00000000a89289a0}: 'java.lang.Object java.lang.invoke.DirectMethodHandle$Holder.invokeStatic(java.lang.Object, java.lang.Object, java.lang.Object, int, java.lang.Object, java.lang.Object)'> (0x00000000a89289a0) 
thrown [s\src\hotspot\share\interpreter\linkResolver.cpp, line 759]
Event: 38.379 Thread 0x0000028c5cca13d0 Exception <a 'java/lang/NoSuchMethodError'{0x00000000a6e9b640}: 'java.lang.Object java.lang.invoke.DirectMethodHandle$Holder.invokeStatic(java.lang.Object, int, java.lang.Object)'> (0x00000000a6e9b640) 
thrown [s\src\hotspot\share\interpreter\linkResolver.cpp, line 759]
Event: 41.673 Thread 0x0000028c5cca13d0 Exception <a 'java/lang/NoSuchMethodError'{0x00000000aa0a9ff8}: 'int java.lang.invoke.DirectMethodHandle$Holder.invokeStatic(java.lang.Object)'> (0x00000000aa0a9ff8) 
thrown [s\src\hotspot\share\interpreter\linkResolver.cpp, line 759]
Event: 41.674 Thread 0x0000028c5cca13d0 Exception <a 'java/lang/NoSuchMethodError'{0x00000000aa0ad7e0}: 'int java.lang.invoke.DirectMethodHandle$Holder.invokeStaticInit(java.lang.Object)'> (0x00000000aa0ad7e0) 
thrown [s\src\hotspot\share\interpreter\linkResolver.cpp, line 759]
Event: 46.793 Thread 0x0000028c5cca13d0 Exception <a 'java/lang/NoSuchMethodError'{0x00000000b0a82e18}: 'java.lang.Object java.lang.invoke.Invokers$Holder.invoke_MT(java.lang.Object, java.lang.Object, java.lang.Object)'> (0x00000000b0a82e18) 
thrown [s\src\hotspot\share\interpreter\linkResolver.cpp, line 759]
Event: 48.627 Thread 0x0000028c5cca13d0 Exception <a 'java/lang/NoSuchMethodError'{0x00000000b00389c0}: 'java.lang.Object java.lang.invoke.DirectMethodHandle$Holder.newInvokeSpecial(java.lang.Object, java.lang.Object, int)'> (0x00000000b00389c0) 
thrown [s\src\hotspot\share\interpreter\linkResolver.cpp, line 759]
Event: 49.027 Thread 0x0000028c5c7730b0 Exception <a 'java/lang/NoSuchMethodError'{0x00000000adb8cde8}: 'java.lang.Object java.lang.invoke.Invokers$Holder.linkToTargetMethod(java.lang.Object, long, java.lang.Object)'> (0x00000000adb8cde8) 
thrown [s\src\hotspot\share\interpreter\linkResolver.cpp, line 759]
Event: 53.766 Thread 0x0000028c5c771d70 Exception <a 'java/lang/IncompatibleClassChangeError'{0x00000000b241aac8}: Found class java.lang.Object, but interface was expected> (0x00000000b241aac8) 
thrown [s\src\hotspot\share\interpreter\linkResolver.cpp, line 826]
Event: 55.809 Thread 0x0000028c5c772be0 Exception <a 'java/lang/NoSuchMethodError'{0x00000000af221f80}: 'int java.lang.invoke.DirectMethodHandle$Holder.invokeStatic(java.lang.Object, int, java.lang.Object)'> (0x00000000af221f80) 
thrown [s\src\hotspot\share\interpreter\linkResolver.cpp, line 759]
Event: 58.699 Thread 0x0000028c5c772240 Implicit null exception at 0x0000028c51fa28c4 to 0x0000028c51fa2ae9
Event: 61.228 Thread 0x0000028c5c773580 Implicit null exception at 0x0000028c520be290 to 0x0000028c520be83f

VM Operations (20 events):
Event: 55.797 Executing VM operation: HandshakeAllThreads done
Event: 56.140 Executing VM operation: G1CollectForAllocation
Event: 56.186 Executing VM operation: G1CollectForAllocation done
Event: 56.665 Executing VM operation: G1CollectForAllocation
Event: 56.813 Executing VM operation: G1CollectForAllocation done
Event: 56.968 Executing VM operation: HandshakeAllThreads
Event: 57.496 Executing VM operation: HandshakeAllThreads done
Event: 58.511 Executing VM operation: Cleanup
Event: 58.642 Executing VM operation: Cleanup done
Event: 58.825 Executing VM operation: G1CollectForAllocation
Event: 58.885 Executing VM operation: G1CollectForAllocation done
Event: 59.803 Executing VM operation: G1CollectForAllocation
Event: 59.927 Executing VM operation: G1CollectForAllocation done
Event: 60.753 Executing VM operation: HandshakeAllThreads
Event: 60.773 Executing VM operation: HandshakeAllThreads done
Event: 60.795 Executing VM operation: HandshakeAllThreads
Event: 61.071 Executing VM operation: HandshakeAllThreads done
Event: 61.071 Executing VM operation: Cleanup
Event: 61.144 Executing VM operation: Cleanup done
Event: 61.812 Executing VM operation: G1CollectForAllocation

Events (20 events):
Event: 59.186 loading class java/util/stream/SortedOps$OfRef
Event: 59.186 loading class java/util/stream/SortedOps$OfRef done
Event: 59.186 loading class java/util/stream/SortedOps$SizedRefSortingSink
Event: 59.186 loading class java/util/stream/SortedOps$AbstractRefSortingSink
Event: 59.186 loading class java/util/stream/SortedOps$AbstractRefSortingSink done
Event: 59.186 loading class java/util/stream/SortedOps$SizedRefSortingSink done
Event: 59.240 Thread 0x0000028c5c772240 Thread exited: 0x0000028c5c772240
Event: 59.297 Thread 0x0000028c5c770090 Thread added: 0x0000028c5c770090
Event: 59.960 Thread 0x0000028c5c770090 Thread exited: 0x0000028c5c770090
Event: 59.977 Thread 0x0000028c5c773580 Thread added: 0x0000028c5c773580
Event: 60.792 loading class java/util/Spliterators$IntArraySpliterator
Event: 60.793 loading class java/util/Spliterators$IntArraySpliterator done
Event: 60.793 loading class java/util/stream/Nodes$IntSpinedNodeBuilder
Event: 60.793 loading class java/util/stream/SpinedBuffer$OfInt
Event: 60.794 loading class java/util/stream/SpinedBuffer$OfPrimitive
Event: 60.794 loading class java/util/stream/SpinedBuffer$OfPrimitive done
Event: 60.794 loading class java/util/stream/SpinedBuffer$OfInt done
Event: 60.794 loading class java/util/stream/Nodes$IntSpinedNodeBuilder done
Event: 61.504 Thread 0x0000028c5c773580 Thread exited: 0x0000028c5c773580
Event: 61.507 Thread 0x0000028c5c770f00 Thread added: 0x0000028c5c770f00


Dynamic libraries:
0x00007ff79dc60000 - 0x00007ff79dc6e000 	c:\Users\asai\.vscode\extensions\redhat.java-1.11.0-win32-x64\jre\17.0.4.1-win32-x86_64\bin\java.exe
0x00007fff26910000 - 0x00007fff26b08000 	C:\WINDOWS\SYSTEM32\ntdll.dll
0x00007fff25c90000 - 0x00007fff25d4d000 	C:\WINDOWS\System32\KERNEL32.DLL
0x00007fff24500000 - 0x00007fff247ce000 	C:\WINDOWS\System32\KERNELBASE.dll
0x00007fff24840000 - 0x00007fff24940000 	C:\WINDOWS\System32\ucrtbase.dll
0x00007fff0ab00000 - 0x00007fff0ab18000 	c:\Users\asai\.vscode\extensions\redhat.java-1.11.0-win32-x64\jre\17.0.4.1-win32-x86_64\bin\jli.dll
0x00007fff25500000 - 0x00007fff256a0000 	C:\WINDOWS\System32\USER32.dll
0x00007fff24940000 - 0x00007fff24962000 	C:\WINDOWS\System32\win32u.dll
0x00007fff256a0000 - 0x00007fff256ca000 	C:\WINDOWS\System32\GDI32.dll
0x00007fff24200000 - 0x00007fff2430b000 	C:\WINDOWS\System32\gdi32full.dll
0x00007fff24130000 - 0x00007fff241cd000 	C:\WINDOWS\System32\msvcp_win.dll
0x00007fff14c20000 - 0x00007fff14c39000 	c:\Users\asai\.vscode\extensions\redhat.java-1.11.0-win32-x64\jre\17.0.4.1-win32-x86_64\bin\VCRUNTIME140.dll
0x00007fff09980000 - 0x00007fff09c1a000 	C:\WINDOWS\WinSxS\amd64_microsoft.windows.common-controls_6595b64144ccf1df_6.0.19041.1110_none_60b5254171f9507e\COMCTL32.dll
0x00007fff25bd0000 - 0x00007fff25c6e000 	C:\WINDOWS\System32\msvcrt.dll
0x00007fff26430000 - 0x00007fff26460000 	C:\WINDOWS\System32\IMM32.DLL
0x00007fff20960000 - 0x00007fff2096c000 	c:\Users\asai\.vscode\extensions\redhat.java-1.11.0-win32-x64\jre\17.0.4.1-win32-x86_64\bin\vcruntime140_1.dll
0x00007ffeff000000 - 0x00007ffeff091000 	c:\Users\asai\.vscode\extensions\redhat.java-1.11.0-win32-x64\jre\17.0.4.1-win32-x86_64\bin\msvcp140.dll
0x00007ffeb2b70000 - 0x00007ffeb37b6000 	c:\Users\asai\.vscode\extensions\redhat.java-1.11.0-win32-x64\jre\17.0.4.1-win32-x86_64\bin\server\jvm.dll
0x00007fff25ee0000 - 0x00007fff25f8e000 	C:\WINDOWS\System32\ADVAPI32.dll
0x00007fff256d0000 - 0x00007fff2576c000 	C:\WINDOWS\System32\sechost.dll
0x00007fff26300000 - 0x00007fff26425000 	C:\WINDOWS\System32\RPCRT4.dll
0x00007fff26000000 - 0x00007fff26008000 	C:\WINDOWS\System32\PSAPI.DLL
0x00007fff148f0000 - 0x00007fff148f9000 	C:\WINDOWS\SYSTEM32\WSOCK32.dll
0x00007fff25f90000 - 0x00007fff25ffb000 	C:\WINDOWS\System32\WS2_32.dll
0x00007fff13630000 - 0x00007fff13657000 	C:\WINDOWS\SYSTEM32\WINMM.dll
0x00007fff1c550000 - 0x00007fff1c55a000 	C:\WINDOWS\SYSTEM32\VERSION.dll
0x00007fff22900000 - 0x00007fff22912000 	C:\WINDOWS\SYSTEM32\kernel.appcore.dll
0x00007fff13cd0000 - 0x00007fff13cda000 	c:\Users\asai\.vscode\extensions\redhat.java-1.11.0-win32-x64\jre\17.0.4.1-win32-x86_64\bin\jimage.dll
0x00007fff225d0000 - 0x00007fff227b4000 	C:\WINDOWS\SYSTEM32\DBGHELP.DLL
0x00007fff145c0000 - 0x00007fff145ec000 	C:\WINDOWS\SYSTEM32\dbgcore.DLL
0x00007fff24470000 - 0x00007fff244f2000 	C:\WINDOWS\System32\bcryptPrimitives.dll
0x00007fff089c0000 - 0x00007fff089e5000 	c:\Users\asai\.vscode\extensions\redhat.java-1.11.0-win32-x64\jre\17.0.4.1-win32-x86_64\bin\java.dll
0x00007fff0a260000 - 0x00007fff0a278000 	c:\Users\asai\.vscode\extensions\redhat.java-1.11.0-win32-x64\jre\17.0.4.1-win32-x86_64\bin\zip.dll
0x00007fff24d30000 - 0x00007fff25473000 	C:\WINDOWS\System32\SHELL32.dll
0x00007fff21d60000 - 0x00007fff224f5000 	C:\WINDOWS\SYSTEM32\windows.storage.dll
0x00007fff24970000 - 0x00007fff24cc4000 	C:\WINDOWS\System32\combase.dll
0x00007fff239c0000 - 0x00007fff239f0000 	C:\WINDOWS\SYSTEM32\Wldp.dll
0x00007fff26250000 - 0x00007fff262fd000 	C:\WINDOWS\System32\SHCORE.dll
0x00007fff24cd0000 - 0x00007fff24d25000 	C:\WINDOWS\System32\shlwapi.dll
0x00007fff23f70000 - 0x00007fff23f8f000 	C:\WINDOWS\SYSTEM32\profapi.dll
0x00007fff06790000 - 0x00007fff067a9000 	C:\Users\asai\.vscode\extensions\redhat.java-1.11.0-win32-x64\jre\17.0.4.1-win32-x86_64\bin\net.dll
0x00007fff14ab0000 - 0x00007fff14bba000 	C:\WINDOWS\SYSTEM32\WINHTTP.dll
0x00007fff23720000 - 0x00007fff2378a000 	C:\WINDOWS\system32\mswsock.dll
0x00007fff04e90000 - 0x00007fff04ea5000 	C:\Users\asai\.vscode\extensions\redhat.java-1.11.0-win32-x64\jre\17.0.4.1-win32-x86_64\bin\nio.dll
0x00007fff12830000 - 0x00007fff12840000 	c:\Users\asai\.vscode\extensions\redhat.java-1.11.0-win32-x64\jre\17.0.4.1-win32-x86_64\bin\verify.dll
0x00007fff14c00000 - 0x00007fff14c09000 	C:\Users\asai\.vscode\extensions\redhat.java-1.11.0-win32-x64\jre\17.0.4.1-win32-x86_64\bin\management.dll
0x00007fff14910000 - 0x00007fff1491b000 	C:\Users\asai\.vscode\extensions\redhat.java-1.11.0-win32-x64\jre\17.0.4.1-win32-x86_64\bin\management_ext.dll
0x00007fff02550000 - 0x00007fff02567000 	C:\WINDOWS\system32\napinsp.dll
0x00007fff02530000 - 0x00007fff0254b000 	C:\WINDOWS\system32\pnrpnsp.dll
0x00007fff1dc50000 - 0x00007fff1dc65000 	C:\WINDOWS\system32\wshbth.dll
0x00007fff14a90000 - 0x00007fff14aad000 	C:\WINDOWS\system32\NLAapi.dll
0x00007fff23410000 - 0x00007fff2344b000 	C:\WINDOWS\SYSTEM32\IPHLPAPI.DLL
0x00007fff23450000 - 0x00007fff2351a000 	C:\WINDOWS\SYSTEM32\DNSAPI.dll
0x00007fff25c70000 - 0x00007fff25c78000 	C:\WINDOWS\System32\NSI.dll
0x00007fff02390000 - 0x00007fff023a2000 	C:\WINDOWS\System32\winrnr.dll
0x00007fff0f0f0000 - 0x00007fff0f0fa000 	C:\Windows\System32\rasadhlp.dll
0x00007fff0f340000 - 0x00007fff0f3c0000 	C:\WINDOWS\System32\fwpuclnt.dll
0x00007fff241d0000 - 0x00007fff241f7000 	C:\WINDOWS\System32\bcrypt.dll
0x00007fff23910000 - 0x00007fff23928000 	C:\WINDOWS\SYSTEM32\CRYPTSP.dll
0x00007fff230a0000 - 0x00007fff230d4000 	C:\WINDOWS\system32\rsaenh.dll
0x00007fff23f30000 - 0x00007fff23f5e000 	C:\WINDOWS\SYSTEM32\USERENV.dll
0x00007fff23930000 - 0x00007fff2393c000 	C:\WINDOWS\SYSTEM32\CRYPTBASE.dll
0x00007fff13ff0000 - 0x00007fff14007000 	C:\WINDOWS\SYSTEM32\dhcpcsvc6.DLL
0x00007fff13ef0000 - 0x00007fff13f0d000 	C:\WINDOWS\SYSTEM32\dhcpcsvc.DLL

dbghelp: loaded successfully - version: 4.0.5 - missing functions: none
symbol engine: initialized successfully - sym options: 0x614 - pdb path: .;c:\Users\asai\.vscode\extensions\redhat.java-1.11.0-win32-x64\jre\17.0.4.1-win32-x86_64\bin;C:\WINDOWS\SYSTEM32;C:\WINDOWS\WinSxS\amd64_microsoft.windows.common-controls_6595b64144ccf1df_6.0.19041.1110_none_60b5254171f9507e;c:\Users\asai\.vscode\extensions\redhat.java-1.11.0-win32-x64\jre\17.0.4.1-win32-x86_64\bin\server

VM Arguments:
jvm_args: -Dsts.lsp.client=vscode -Dsts.log.file=/dev/null -XX:TieredStopAtLevel=1 -Xlog:jni+resolve=off -Dspring.config.location=file:c:\Users\asai\.vscode\extensions\pivotal.vscode-spring-boot-1.39.0\language-server\BOOT-INF\classes\application.properties 
java_command: org.springframework.ide.vscode.boot.app.BootLanguageServerBootApp
java_class_path (initial): c:\Users\asai\.vscode\extensions\pivotal.vscode-spring-boot-1.39.0\language-server\BOOT-INF\classes;c:\Users\asai\.vscode\extensions\pivotal.vscode-spring-boot-1.39.0\language-server\BOOT-INF\lib\annotations-23.0.0.jar;c:\Users\asai\.vscode\extensions\pivotal.vscode-spring-boot-1.39.0\language-server\BOOT-INF\lib\antlr-runtime-3.5.2.jar;c:\Users\asai\.vscode\extensions\pivotal.vscode-spring-boot-1.39.0\language-server\BOOT-INF\lib\antlr4-4.9.3.jar;c:\Users\asai\.vscode\extensions\pivotal.vscode-spring-boot-1.39.0\language-server\BOOT-INF\lib\antlr4-runtime-4.9.3.jar;c:\Users\asai\.vscode\extensions\pivotal.vscode-spring-boot-1.39.0\language-server\BOOT-INF\lib\asm-9.3.jar;c:\Users\asai\.vscode\extensions\pivotal.vscode-spring-boot-1.39.0\language-server\BOOT-INF\lib\asm-analysis-9.3.jar;c:\Users\asai\.vscode\extensions\pivotal.vscode-spring-boot-1.39.0\language-server\BOOT-INF\lib\asm-tree-9.3.jar;c:\Users\asai\.vscode\extensions\pivotal.vscode-spring-boot-1.39.0\language-server\BOOT-INF\lib\asm-util-9.3.jar;c:\Users\asai\.vscode\extensions\pivotal.vscode-spring-boot-1.39.0\language-server\BOOT-INF\lib\byte-buddy-1.12.13.jar;c:\Users\asai\.vscode\extensions\pivotal.vscode-spring-boot-1.39.0\language-server\BOOT-INF\lib\caffeine-2.9.3.jar;c:\Users\asai\.vscode\extensions\pivotal.vscode-spring-boot-1.39.0\language-server\BOOT-INF\lib\checker-qual-3.12.0.jar;c:\Users\asai\.vscode\extensions\pivotal.vscode-spring-boot-1.39.0\language-server\BOOT-INF\lib\classgraph-4.8.149.jar;c:\Users\asai\.vscode\extensions\pivotal.vscode-spring-boot-1.39.0\language-server\BOOT-INF\lib\commons-codec-1.15.jar;c:\Users\asai\.vscode\extensions\pivotal.vscode-spring-boot-1.39.0\language-server\BOOT-INF\lib\commons-compress-1.21.jar;c:\Users\asai\.vscode\extensions\pivotal.vscode-spring-boot-1.39.0\language-server\BOOT-INF\lib\commons-exec-1.3.jar;c:\Users\asai\.vscode\extensions\pivotal.vscode-spring-boot-1.39.0\language-server\BOOT-INF\lib\commons-io-2.4.jar;c
Launcher Type: SUN_STANDARD

[Global flags]
     intx CICompilerCount                          = 2                                         {product} {ergonomic}
     uint ConcGCThreads                            = 1                                         {product} {ergonomic}
     uint G1ConcRefinementThreads                  = 2                                         {product} {ergonomic}
   size_t G1HeapRegionSize                         = 1048576                                   {product} {ergonomic}
    uintx GCDrainStackTargetSize                   = 64                                        {product} {ergonomic}
   size_t InitialHeapSize                          = 98566144                                  {product} {ergonomic}
   size_t MarkStackSize                            = 4194304                                   {product} {ergonomic}
   size_t MaxHeapSize                              = 1564475392                                {product} {ergonomic}
   size_t MaxNewSize                               = 938475520                                 {product} {ergonomic}
   size_t MinHeapDeltaBytes                        = 1048576                                   {product} {ergonomic}
   size_t MinHeapSize                              = 8388608                                   {product} {ergonomic}
    uintx NonProfiledCodeHeapSize                  = 0                                      {pd product} {ergonomic}
     bool ProfileInterpreter                       = false                                  {pd product} {command line}
    uintx ProfiledCodeHeapSize                     = 0                                      {pd product} {ergonomic}
   size_t SoftMaxHeapSize                          = 1564475392                             {manageable} {ergonomic}
     intx TieredStopAtLevel                        = 1                                         {product} {command line}
     bool UseCompressedClassPointers               = true                           {product lp64_product} {ergonomic}
     bool UseCompressedOops                        = true                           {product lp64_product} {ergonomic}
     bool UseG1GC                                  = true                                      {product} {ergonomic}
     bool UseLargePagesIndividualAllocation        = false                                  {pd product} {ergonomic}

Logging:
Log output configuration:
 #0: stdout all=warning,jni+resolve=off uptime,level,tags
 #1: stderr all=off uptime,level,tags

Environment Variables:
JAVA_HOME=C:\Program Files\Eclipse Adoptium\jdk-17.0.4.8-hotspot\
PATH=C:\Program Files (x86)\NVIDIA Corporation\PhysX\Common;C:\Program Files\Eclipse Adoptium\jdk-17.0.4.8-hotspot\bin;C:\WINDOWS\system32;C:\WINDOWS;C:\WINDOWS\System32\Wbem;C:\WINDOWS\System32\WindowsPowerShell\v1.0\;C:\WINDOWS\System32\OpenSSH\;C:\Program Files\Intel\TXE Components\DAL\;C:\Program Files (x86)\Intel\TXE Components\DAL\;C:\Program Files\Git\cmd;C:\Program Files\nodejs\;C:\Program Files\MySQL\MySQL Shell 8.0\bin\;C:\Users\asai\AppData\Local\Microsoft\WindowsApps;;C:\Users\asai\AppData\Local\Programs\Microsoft VS Code\bin;C:\Users\asai\AppData\Roaming\npm
USERNAME=asai
OS=Windows_NT
PROCESSOR_IDENTIFIER=Intel64 Family 6 Model 122 Stepping 8, GenuineIntel
TMP=C:\Users\asai\AppData\Local\Temp
TEMP=C:\Users\asai\AppData\Local\Temp



---------------  S Y S T E M  ---------------

OS:
 Windows 10 , 64 bit Build 19041 (10.0.19041.1889)
OS uptime: 9 days 21:42 hours

CPU: total 2 (initial active 2) (2 cores per cpu, 1 threads per core) family 6 model 122 stepping 8 microcode 0xc, cx8, cmov, fxsr, mmx, 3dnowpref, sse, sse2, sse3, ssse3, sse4.1, sse4.2, popcnt, tsc, tscinvbit, aes, erms, clmul, sha, clflush, clflushopt

Memory: 4k page, system-wide physical 5964M (358M free)
TotalPageFile size 20566M (AvailPageFile size 83M)
current process WorkingSet (physical memory assigned to process): 429M, peak: 429M
current process commit charge ("private bytes"): 428M, peak: 647M

vm_info: OpenJDK 64-Bit Server VM (17.0.4.1+1) for windows-amd64 JRE (17.0.4.1+1), built on Aug 17 2022 07:42:43 by "temurin" with MS VC++ 16.7 (VS2019)

END.
